entra en tu cuenta bebé
[SUSURRO: Abril => Keko] [Susurro: entra en tu cuenta bebé]mas lag q mi orto
[SUSURRO: Abril => Keko] [Susurro: mas lag q mi orto]Tu ping es: 189.
[SUSURRO: Abril => Keko] [Susurro: Tu ping es: 189.]donde tas
[SUSURRO: Abril => Renzoo] [Susurro: donde tas]AMOR MIIIOO
[SUSURRO: Abril => Mimi] [Susurro: AMOR MIIIOO]ooo veni
[SUSURRO: Abril => Mimi] [Susurro: ooo veni]ya voy yo
[SUSURRO: Abril => Mimi] [Susurro: ya voy yo]bue ya esta aca
[SUSURRO: Abril => Renzoo] [Susurro: bue ya esta aca]bebe
[SUSURRO: Abril => Motto] [Susurro: bebe]JDKASJ
[SUSURRO: Abril => Motto] [Susurro: JDKASJ]veni
[SUSURRO: Abril => Lilian] [Susurro: veni]mi lili no puede hablar
[SUSURRO: Abril => Ale] [Susurro: mi lili no puede hablar]veni zorra
[SUSURRO: Abril => Aura] [Susurro: veni zorra]adonde vas
[SUSURRO: Abril => Aura] [Susurro: adonde vas]q
[SUSURRO: Abril => Keko] [Susurro: q]se iba
[SUSURRO: Abril => Keko] [Susurro: se iba]boludo pablo me dice q se va
[SUSURRO: Abril => Motto] [Susurro: boludo pablo me dice q se va]q le pasaba
[SUSURRO: Abril => Motto] [Susurro: q le pasaba]no es survivor
[SUSURRO: Abril => Keko] [Susurro: no es survivor]es death y survi si ahre
[SUSURRO: Abril => Keko] [Susurro: es death y survi si ahre]qsy pero era joda onda ni q fuera posta
[SUSURRO: Abril => Motto] [Susurro: qsy pero era joda onda ni q fuera posta]quiero ser funcorp
[SUSURRO: Abril => Readme] [Susurro: quiero ser funcorp]a
[SUSURRO: Abril => Keko] [Susurro: a]JKAKJAJKAKJ
[SUSURRO: Abril => Motto] [Susurro: JKAKJAJKAKJ]add bb
[SUSURRO: Abril => Aleja] [Susurro: add bb]sos mod
[SUSURRO: Abril => Narcocaine] [Susurro: sos mod]chau
[SUSURRO: Abril => Narcocaine] [Susurro: chau]jum
[SUSURRO: Abril => Ale] [Susurro: jum]va, pero si logro conectarme de noche y eso, m das admin? B)
[SUSURRO: Abril => Ale] [Susurro: va, pero si logro conectarme de noche y eso, m das admin? B)]movet
[SUSURRO: Abril => Narcocaine] [Susurro: movet]dice q los gordos de tus amigos le andaban diciendo asi pq le decia q saquen a less
[SUSURRO: Abril => Omar] [Susurro: dice q los gordos de tus amigos le andaban diciendo asi pq le decia q saquen a less]bueno m voy
[SUSURRO: Abril => Keko] [Susurro: bueno m voy]te amo
[SUSURRO: Abril => Keko] [Susurro: te amo]cuidat la cola
[SUSURRO: Abril => Keko] [Susurro: cuidat la cola]sabes
[SUSURRO: Abril => Keko] [Susurro: sabes]t hablo a la nochesuli
[SUSURRO: Abril => Keko] [Susurro: t hablo a la nochesuli]