XD
[SUSURRO: Aneurysm => Aura] [Susurro: XD]como hago para hablar en general?
[SUSURRO: Aneurysm => Aura] [Susurro: como hago para hablar en general?]no me deja
[SUSURRO: Aneurysm => Aura] [Susurro: no me deja]no se quita en coso
[SUSURRO: Aneurysm => Aura] [Susurro: no se quita en coso]este
[SUSURRO: Aneurysm => Aura] [Susurro: este]susurro normal
[SUSURRO: Aneurysm => Aura] [Susurro: susurro normal]eso hago y nada
[SUSURRO: Aneurysm => Aura] [Susurro: eso hago y nada]no sale
[SUSURRO: Aneurysm => Aura] [Susurro: no sale]ni cambiando de sala xd
[SUSURRO: Aneurysm => Aura] [Susurro: ni cambiando de sala xd]desde que entre
[SUSURRO: Aneurysm => Aura] [Susurro: desde que entre]por primera vez
[SUSURRO: Aneurysm => Aura] [Susurro: por primera vez]add? XD
[SUSURRO: Aneurysm => Aura] [Susurro: add? XD]jdskjd ya tengo divine en mf
[SUSURRO: Aneurysm => Aura] [Susurro: jdskjd ya tengo divine en mf]SI
[SUSURRO: Aneurysm => Aura] [Susurro: SI]Pones PW
[SUSURRO: Aneurysm => Aura] [Susurro: Pones PW]amor
[SUSURRO: Aneurysm => Aura] [Susurro: amor]ME LLAMAN LOS DEL CLAN
[SUSURRO: Aneurysm => Aura] [Susurro: ME LLAMAN LOS DEL CLAN]Probablemente
[SUSURRO: Aneurysm => Aura] [Susurro: Probablemente]No
[SUSURRO: Aneurysm => Aura] [Susurro: No]No
[SUSURRO: Aneurysm => Aura] [Susurro: No]Tengo sustituto
[SUSURRO: Aneurysm => Aura] [Susurro: Tengo sustituto]Una pregunta...
[SUSURRO: Aneurysm => Aura] [Susurro: Una pregunta...]Esto cuenta como pasar tiempo juntos? XD
[SUSURRO: Aneurysm => Aura] [Susurro: Esto cuenta como pasar tiempo juntos? XD]Que bacan asi jdksjdks
[SUSURRO: Aneurysm => Aura] [Susurro: Que bacan asi jdksjdks]Como puedo cambiarle el color al raton amor?
[SUSURRO: Aneurysm => Aura] [Susurro: Como puedo cambiarle el color al raton amor?]No no no, que pena
[SUSURRO: Aneurysm => Aura] [Susurro: No no no, que pena]Rechazada por el mismo Fundador
[SUSURRO: Aneurysm => Aura] [Susurro: Rechazada por el mismo Fundador]Amor dale dime :c
[SUSURRO: Aneurysm => Aura] [Susurro: Amor dale dime :c]Amor dale dime :ccc quiero ser pulento
[SUSURRO: Aneurysm => Aura] [Susurro: Amor dale dime :ccc quiero ser pulento]Po que amor? :c
[SUSURRO: Aneurysm => Aura] [Susurro: Po que amor? :c]Dime y te mando foto en tanga *inserte emojis puercos*
[SUSURRO: Aneurysm => Aura] [Susurro: Dime y te mando foto en tanga *inserte emojis puercos*]GRACIAS MI AMOOOOOOOOR
[SUSURRO: Aneurysm => Aura] [Susurro: GRACIAS MI AMOOOOOOOOR]No quieres que te de las gracias?
[SUSURRO: Aneurysm => Aura] [Susurro: No quieres que te de las gracias?]Ay :flushed:
[SUSURRO: Aneurysm => Aura] [Susurro: Ay :flushed:]Vamos a mice, amor?
[SUSURRO: Aneurysm => Aura] [Susurro: Vamos a mice, amor?]Tengo que bañarme mi amor
[SUSURRO: Aneurysm => Aura] [Susurro: Tengo que bañarme mi amor]jsadkfdjka
[SUSURRO: Aneurysm => Aura] [Susurro: jsadkfdjka]Momento foto en tanga
[SUSURRO: Aneurysm => Aura] [Susurro: Momento foto en tanga]No la quieres?
[SUSURRO: Aneurysm => Aura] [Susurro: No la quieres?]