Tu ping es: 83.
[SUSURRO: Berserkwj => Shaury] [Susurro: Tu ping es: 83.]XDDDDD
[SUSURRO: Berserkwj => Shaury] [Susurro: XDDDDD]nice
[SUSURRO: Berserkwj => Shaury] [Susurro: nice]buena amor
[SUSURRO: Berserkwj => Omar] [Susurro: buena amor]omar
[SUSURRO: Berserkwj => Omar] [Susurro: omar]aqui dref
[SUSURRO: Berserkwj => Omar] [Susurro: aqui dref]move racing
[SUSURRO: Berserkwj => Omar] [Susurro: move racing]donde pusiste el host
[SUSURRO: Berserkwj => Omar] [Susurro: donde pusiste el host]tengo ping 83
[SUSURRO: Berserkwj => Omar] [Susurro: tengo ping 83]XD
[SUSURRO: Berserkwj => Omar] [Susurro: XD]nice
[SUSURRO: Berserkwj => Omar] [Susurro: nice]pon un mapa net
[SUSURRO: Berserkwj => Omar] [Susurro: pon un mapa net]me netea porque es web
[SUSURRO: Berserkwj => Shaury] [Susurro: me netea porque es web]cada cuanto se puede hacer una cuenta wn xd
[SUSURRO: Berserkwj => Omar] [Susurro: cada cuanto se puede hacer una cuenta wn xd]pon mapas de racing
[SUSURRO: Berserkwj => Omar] [Susurro: pon mapas de racing]bueno esta vez
[SUSURRO: Berserkwj => Omar] [Susurro: bueno esta vez]voy a jugar anonimo
[SUSURRO: Berserkwj => Omar] [Susurro: voy a jugar anonimo]asi que no digas quien soy xd
[SUSURRO: Berserkwj => Omar] [Susurro: asi que no digas quien soy xd]soy jaws, no digas xd
[SUSURRO: Berserkwj => Motto] [Susurro: soy jaws, no digas xd]a
[SUSURRO: Berserkwj => Shaury] [Susurro: a]unete
[SUSURRO: Berserkwj => Shaury] [Susurro: unete]ya estas unido
[SUSURRO: Berserkwj => Shaury] [Susurro: ya estas unido]ven tribu
[SUSURRO: Berserkwj => Shaury] [Susurro: ven tribu]sigueme
[SUSURRO: Berserkwj => Shaury] [Susurro: sigueme]no tienes ni el swf?
[SUSURRO: Berserkwj => Omar] [Susurro: no tienes ni el swf?]para jugar en adobe
[SUSURRO: Berserkwj => Omar] [Susurro: para jugar en adobe]esta friccion es mas lenta q la wea bro
[SUSURRO: Berserkwj => Omar] [Susurro: esta friccion es mas lenta q la wea bro]ponle mas reciente
[SUSURRO: Berserkwj => Omar] [Susurro: ponle mas reciente]XXXXXXDDDDDDD
[SUSURRO: Berserkwj => Kryzpo] [Susurro: XXXXXXDDDDDDD]valen?
[SUSURRO: Berserkwj => Kaisa] [Susurro: valen?]no digas mi nombre xD
[SUSURRO: Berserkwj => Hack] [Susurro: no digas mi nombre xD]XXXXXXDDDDD
[SUSURRO: Berserkwj => Hack] [Susurro: XXXXXXDDDDD]soapz
[SUSURRO: Berserkwj => Hack] [Susurro: soapz]pasame ese baffler por discord
[SUSURRO: Berserkwj => Hack] [Susurro: pasame ese baffler por discord]