juyjuy me hizo exposed en yt
[SUSURRO: Hack => Dref] [Susurro: juyjuy me hizo exposed en yt]tfm
[SUSURRO: Hack => Dref] [Susurro: tfm]quien mas
[SUSURRO: Hack => Dref] [Susurro: quien mas]ando con el puro synapse
[SUSURRO: Hack => Dref] [Susurro: ando con el puro synapse]xd
[SUSURRO: Hack => Dref] [Susurro: xd]pones solo
[SUSURRO: Hack => Dref] [Susurro: pones solo]Transformice.swf
[SUSURRO: Hack => Dref] [Susurro: Transformice.swf]hh
[SUSURRO: Hack => Dref] [Susurro: hh]qn es ese
[SUSURRO: Hack => Berserkwj] [Susurro: qn es ese]xd
[SUSURRO: Hack => Rafaxyz] [Susurro: xd]es parecido a tfm
[SUSURRO: Hack => Rafaxyz] [Susurro: es parecido a tfm]solo que salta mas alto
[SUSURRO: Hack => Rafaxyz] [Susurro: solo que salta mas alto]creo
[SUSURRO: Hack => Rafaxyz] [Susurro: creo]old act
[SUSURRO: Hack => Rafaxyz] [Susurro: old act]xdd
[SUSURRO: Hack => Rafaxyz] [Susurro: xdd]https://prnt.sc/ryq5vo
[SUSURRO: Hack => Rafaxyz] [Susurro: https://prnt.sc/ryq5vo]saque alto rec en ese mapa
[SUSURRO: Hack => Rafaxyz] [Susurro: saque alto rec en ese mapa]ql viciaoxd
[SUSURRO: Hack => Rafaxyz] [Susurro: ql viciaoxd]xdd
[SUSURRO: Hack => Rafaxyz] [Susurro: xdd]este ta bien creoi
[SUSURRO: Hack => Rafaxyz] [Susurro: este ta bien creoi]cuando sera esoxd
[SUSURRO: Hack => Rafaxyz] [Susurro: cuando sera esoxd]si
[SUSURRO: Hack => Lusho] [Susurro: si]y esa foto
[SUSURRO: Hack => Xxxtentacion] [Susurro: y esa foto]dp erfil
[SUSURRO: Hack => Xxxtentacion] [Susurro: dp erfil]kkkkkkkkkkkkkkkkkkkk
[SUSURRO: Hack => Xxxtentacion] [Susurro: kkkkkkkkkkkkkkkkkkkk]asñkdjasdpñkjslakdlñsa
[SUSURRO: Hack => Xxxtentacion] [Susurro: asñkdjasdpñkjslakdlñsa]no kle digas
[SUSURRO: Hack => Rafaxyz] [Susurro: no kle digas]quien soy
[SUSURRO: Hack => Rafaxyz] [Susurro: quien soy]xD
[SUSURRO: Hack => Rafaxyz] [Susurro: xD]si
[SUSURRO: Hack => Rafaxyz] [Susurro: si]k
[SUSURRO: Hack => Rafaxyz] [Susurro: k]si
[SUSURRO: Hack => Wolkout] [Susurro: si]quienes son esos
[SUSURRO: Hack => Wolkout] [Susurro: quienes son esos]nob
[SUSURRO: Hack => Wolkout] [Susurro: nob]s
[SUSURRO: Hack => Wolkout] [Susurro: s]segredo?
[SUSURRO: Hack => Wolkout] [Susurro: segredo?]les pido vs?
[SUSURRO: Hack => Wolkout] [Susurro: les pido vs?]benja y dylan
[SUSURRO: Hack => Wolkout] [Susurro: benja y dylan]emo
[SUSURRO: Hack => Wolkout] [Susurro: emo]s
[SUSURRO: Hack => Wolkout] [Susurro: s]dale bro
[SUSURRO: Hack => Rafaxyz] [Susurro: dale bro]? kkkkkkkkkkkkkkk
[SUSURRO: Hack => Xxxtentacion] [Susurro: ? kkkkkkkkkkkkkkk]lo viste
[SUSURRO: Hack => Xxxtentacion] [Susurro: lo viste]casi
[SUSURRO: Hack => Xxxtentacion] [Susurro: casi]8.92
[SUSURRO: Hack => Xxxtentacion] [Susurro: 8.92]