hi
[SUSURRO: Harvey => Kaisa] [Susurro: hi]add
[SUSURRO: Harvey => Kaisa] [Susurro: add]agrega vale kl
[SUSURRO: Harvey => Kaisa] [Susurro: agrega vale kl]okis
[SUSURRO: Harvey => Kaisa] [Susurro: okis]se me olvido jugar esta wea
[SUSURRO: Harvey => Kaisa] [Susurro: se me olvido jugar esta wea]oye
[SUSURRO: Harvey => Kaisa] [Susurro: oye]flaca
[SUSURRO: Harvey => Kaisa] [Susurro: flaca]pq
[SUSURRO: Harvey => Kaisa] [Susurro: pq]te acordas de bby naty
[SUSURRO: Harvey => Kaisa] [Susurro: te acordas de bby naty]?
[SUSURRO: Harvey => Kaisa] [Susurro: ?]pq t cae mal
[SUSURRO: Harvey => Kaisa] [Susurro: pq t cae mal]aksfalsfl
[SUSURRO: Harvey => Kaisa] [Susurro: aksfalsfl]pq es una perra
[SUSURRO: Harvey => Kaisa] [Susurro: pq es una perra]m acorde q te caia mal
[SUSURRO: Harvey => Kaisa] [Susurro: m acorde q te caia mal]pero nose si era a ti
[SUSURRO: Harvey => Kaisa] [Susurro: pero nose si era a ti]no me grites kl
[SUSURRO: Harvey => Kaisa] [Susurro: no me grites kl]PQ TE CAE MAL CTM
[SUSURRO: Harvey => Kaisa] [Susurro: PQ TE CAE MAL CTM]keria saber nomas
[SUSURRO: Harvey => Kaisa] [Susurro: keria saber nomas]no pasa nada
[SUSURRO: Harvey => Kaisa] [Susurro: no pasa nada]va en la misma universidad q yo
[SUSURRO: Harvey => Kaisa] [Susurro: va en la misma universidad q yo]sii
[SUSURRO: Harvey => Kaisa] [Susurro: sii]enserio
[SUSURRO: Harvey => Kaisa] [Susurro: enserio]todos los dias
[SUSURRO: Harvey => Kaisa] [Susurro: todos los dias]na mentira
[SUSURRO: Harvey => Kaisa] [Susurro: na mentira]no nos hablamos
[SUSURRO: Harvey => Kaisa] [Susurro: no nos hablamos]pero la conozco
[SUSURRO: Harvey => Kaisa] [Susurro: pero la conozco]es compañera
[SUSURRO: Harvey => Kaisa] [Susurro: es compañera]de una amiga mia
[SUSURRO: Harvey => Kaisa] [Susurro: de una amiga mia]fue el medio crossover
[SUSURRO: Harvey => Kaisa] [Susurro: fue el medio crossover]de conocidos
[SUSURRO: Harvey => Kaisa] [Susurro: de conocidos]y coincidencias
[SUSURRO: Harvey => Kaisa] [Susurro: y coincidencias]la conozco x ig nomas
[SUSURRO: Harvey => Kaisa] [Susurro: la conozco x ig nomas]maso
[SUSURRO: Harvey => Kaisa] [Susurro: maso]normal
[SUSURRO: Harvey => Kaisa] [Susurro: normal]tu eres mas linda
[SUSURRO: Harvey => Kaisa] [Susurro: tu eres mas linda]jiji
[SUSURRO: Harvey => Kaisa] [Susurro: jiji]me quiero saber las burlas
[SUSURRO: Harvey => Kaisa] [Susurro: me quiero saber las burlas]y agarrar agilidad
[SUSURRO: Harvey => Kaisa] [Susurro: y agarrar agilidad]q cosa
[SUSURRO: Harvey => Kaisa] [Susurro: q cosa]m muevo como el ogt
[SUSURRO: Harvey => Kaisa] [Susurro: m muevo como el ogt]chau
[SUSURRO: Harvey => Kaisa] [Susurro: chau]anda con los colombianos
[SUSURRO: Harvey => Kaisa] [Susurro: anda con los colombianos]q me caen como el pico
[SUSURRO: Harvey => Kaisa] [Susurro: q me caen como el pico]no soy toxico contigo
[SUSURRO: Harvey => Kaisa] [Susurro: no soy toxico contigo]no sabes nada mami
[SUSURRO: Harvey => Kaisa] [Susurro: no sabes nada mami]yo toxico
[SUSURRO: Harvey => Kaisa] [Susurro: yo toxico]ASJFSAKF
[SUSURRO: Harvey => Kaisa] [Susurro: ASJFSAKF]Toxiqueo cuando me toxiquean
[SUSURRO: Harvey => Kaisa] [Susurro: Toxiqueo cuando me toxiquean]pero si no
[SUSURRO: Harvey => Kaisa] [Susurro: pero si no]chau cuidate
[SUSURRO: Harvey => Kaisa] [Susurro: chau cuidate]