Hola bb
[SUSURRO: Hath => Lovs] [Susurro: Hola bb]lpmm
[SUSURRO: Hath => Lovs] [Susurro: lpmm]&lt;3
[SUSURRO: Hath => Lovs] [Susurro: &lt;3]Chale
[SUSURRO: Hath => Lovs] [Susurro: Chale]ASKDAKSDK
[SUSURRO: Hath => Lovs] [Susurro: ASKDAKSDK]q dice?
[SUSURRO: Hath => Lovs] [Susurro: q dice?]aksdakksda
[SUSURRO: Hath => Lovs] [Susurro: aksdakksda]Seguis molesta con ella? aksdkaksd
[SUSURRO: Hath => Lovs] [Susurro: Seguis molesta con ella? aksdkaksd]JAJA
[SUSURRO: Hath => Lovs] [Susurro: JAJA]JAJAJAJAJ
[SUSURRO: Hath => Lovs] [Susurro: JAJAJAJAJ]cortalas
[SUSURRO: Hath => Lovs] [Susurro: cortalas]ndeaaaaaa
[SUSURRO: Hath => Lovs] [Susurro: ndeaaaaaa]JAJAJAJAJ
[SUSURRO: Hath => Lovs] [Susurro: JAJAJAJAJ]Si te dieran a elegir q cortarias las u;as o el cabello
[SUSURRO: Hath => Lovs] [Susurro: Si te dieran a elegir q cortarias las u;as o el cabello]Te amo
[SUSURRO: Hath => Lovs] [Susurro: Te amo]Amor estare en wsp si queres hablar a &lt;3
[SUSURRO: Hath => Lovs] [Susurro: Amor estare en wsp si queres hablar a &lt;3]no
[SUSURRO: Hath => Lovs] [Susurro: no]Ahre
[SUSURRO: Hath => Lovs] [Susurro: Ahre]T amo &lt;3
[SUSURRO: Hath => Lovs] [Susurro: T amo &lt;3]KSDJASKD PERDOWN
[SUSURRO: Hath => Lovs] [Susurro: KSDJASKD PERDOWN]&lt;333
[SUSURRO: Hath => Lovs] [Susurro: &lt;333]:((
[SUSURRO: Hath => Lovs] [Susurro: :((]:((((
[SUSURRO: Hath => Lovs] [Susurro: :((((]no me pegues
[SUSURRO: Hath => Lovs] [Susurro: no me pegues]ahre
[SUSURRO: Hath => Lovs] [Susurro: ahre]ksajdka
[SUSURRO: Hath => Lovs] [Susurro: ksajdka]