bro
[SUSURRO: Hope => Ale] [Susurro: bro]wtf
[SUSURRO: Hope => Ale] [Susurro: wtf]arre
[SUSURRO: Hope => Ale] [Susurro: arre]no modero cierto
[SUSURRO: Hope => Ale] [Susurro: no modero cierto]bueno ya que
[SUSURRO: Hope => Ale] [Susurro: bueno ya que]wa jugar nomas
[SUSURRO: Hope => Ale] [Susurro: wa jugar nomas]arre
[SUSURRO: Hope => Ale] [Susurro: arre]hola
[SUSURRO: Hope => Aura] [Susurro: hola]el q
[SUSURRO: Hope => Razerbackw] [Susurro: el q]ah
[SUSURRO: Hope => Razerbackw] [Susurro: ah]no
[SUSURRO: Hope => Razerbackw] [Susurro: no]no se
[SUSURRO: Hope => Razerbackw] [Susurro: no se]un raton
[SUSURRO: Hope => Razerbackw] [Susurro: un raton]y tu bb
[SUSURRO: Hope => Razerbackw] [Susurro: y tu bb]ndeah
[SUSURRO: Hope => Razerbackw] [Susurro: ndeah]tu si
[SUSURRO: Hope => Razerbackw] [Susurro: tu si]y ty
[SUSURRO: Hope => Razerbackw] [Susurro: y ty]t
[SUSURRO: Hope => Razerbackw] [Susurro: t]tu
[SUSURRO: Hope => Razerbackw] [Susurro: tu]nacho
[SUSURRO: Hope => Razerbackw] [Susurro: nacho]y pq
[SUSURRO: Hope => Razerbackw] [Susurro: y pq]ah
[SUSURRO: Hope => Razerbackw] [Susurro: ah]q bn
[SUSURRO: Hope => Razerbackw] [Susurro: q bn]