ahora ahora
[SUSURRO: Keko => Abril] [Susurro: ahora ahora]Tu ping es: 217.
[SUSURRO: Keko => Abril] [Susurro: Tu ping es: 217.]no va mal
[SUSURRO: Keko => Abril] [Susurro: no va mal]Exactly
[SUSURRO: Keko => Wtp] [Susurro: Exactly]¿quien sos?
[SUSURRO: Keko => Wtp] [Susurro: ¿quien sos?]JOSEFINA
[SUSURRO: Keko => Wtp] [Susurro: JOSEFINA]Holaaaaaa
[SUSURRO: Keko => Wtp] [Susurro: Holaaaaaa]):
[SUSURRO: Keko => Abril] [Susurro: ):]medio raro elwj ahre
[SUSURRO: Keko => Abril] [Susurro: medio raro elwj ahre]tamo
[SUSURRO: Keko => Wtp] [Susurro: tamo]eso sonó muy sad
[SUSURRO: Keko => Wtp] [Susurro: eso sonó muy sad]que pija estos mapas
[SUSURRO: Keko => Wtp] [Susurro: que pija estos mapas]Moonlightxxz
[SUSURRO: Keko => Rafaxyz] [Susurro: Moonlightxxz]nos vemos
[SUSURRO: Keko => Abril] [Susurro: nos vemos]nomg surv
[SUSURRO: Keko => Abril] [Susurro: nomg surv]Nomg survivor
[SUSURRO: Keko => Motto] [Susurro: Nomg survivor]Qué hacés casada con esa... ndeaaaa
[SUSURRO: Keko => Abril] [Susurro: Qué hacés casada con esa... ndeaaaa]a
[SUSURRO: Keko => Abril] [Susurro: a]¿Quien sos?
[SUSURRO: Keko => Bbdick] [Susurro: ¿Quien sos?]borra mensaje
[SUSURRO: Keko => Omar] [Susurro: borra mensaje]a lo que diga ahora
[SUSURRO: Keko => Omar] [Susurro: a lo que diga ahora]