me da mucha ternura mi ropa
[SUSURRO: Kesi => Lusho] [Susurro: me da mucha ternura mi ropa]ALKSJDLSA
[SUSURRO: Kesi => Lusho] [Susurro: ALKSJDLSA]sii
[SUSURRO: Kesi => Lusho] [Susurro: sii]te voy a dedicar un first
[SUSURRO: Kesi => Lusho] [Susurro: te voy a dedicar un first]te ganaron en tu mapa
[SUSURRO: Kesi => Lusho] [Susurro: te ganaron en tu mapa]si empiezo al año no voy a ganar nunca
[SUSURRO: Kesi => Lusho] [Susurro: si empiezo al año no voy a ganar nunca]quien sos
[SUSURRO: Kesi => Shadow] [Susurro: quien sos]ay quien sos
[SUSURRO: Kesi => Xxxtentacion] [Susurro: ay quien sos]JAJAJAJA
[SUSURRO: Kesi => Shadow] [Susurro: JAJAJAJA]no se we
[SUSURRO: Kesi => Shadow] [Susurro: no se we]AAAAAAAAAA
[SUSURRO: Kesi => Xxxtentacion] [Susurro: AAAAAAAAAA]holiiiiiiiii
[SUSURRO: Kesi => Xxxtentacion] [Susurro: holiiiiiiiii]ya se enfermo
[SUSURRO: Kesi => Shadow] [Susurro: ya se enfermo]bn y vos bb
[SUSURRO: Kesi => Xxxtentacion] [Susurro: bn y vos bb]PERO SI EMPIEZO AL AÑO
[SUSURRO: Kesi => Lusho] [Susurro: PERO SI EMPIEZO AL AÑO]Q RABIA
[SUSURRO: Kesi => Lusho] [Susurro: Q RABIA]pone
[SUSURRO: Kesi => Lusho] [Susurro: pone]7estado enamorado de kesi
[SUSURRO: Kesi => Lusho] [Susurro: 7estado enamorado de kesi]bueno
[SUSURRO: Kesi => Lusho] [Susurro: bueno]q graciosoXDDDD
[SUSURRO: Kesi => Lusho] [Susurro: q graciosoXDDDD]me encanta
[SUSURRO: Kesi => Lusho] [Susurro: me encanta]no
[SUSURRO: Kesi => Lusho] [Susurro: no]pone
[SUSURRO: Kesi => Shadow] [Susurro: pone]7estado enamorado de kesi
[SUSURRO: Kesi => Shadow] [Susurro: 7estado enamorado de kesi]se ve tierno
[SUSURRO: Kesi => Lusho] [Susurro: se ve tierno]ya sakalo
[SUSURRO: Kesi => Shadow] [Susurro: ya sakalo]7estado ola
[SUSURRO: Kesi => Shadow] [Susurro: 7estado ola]abri tu perfil
[SUSURRO: Kesi => Shadow] [Susurro: abri tu perfil]obvio
[SUSURRO: Kesi => Shadow] [Susurro: obvio]JAJAJAJAJAJAJAJAJAJA
[SUSURRO: Kesi => Shadow] [Susurro: JAJAJAJAJAJAJAJAJAJA]LA PUTA MADRE
[SUSURRO: Kesi => Shadow] [Susurro: LA PUTA MADRE]q lindoo
[SUSURRO: Kesi => Xxxtentacion] [Susurro: q lindoo]me alegro
[SUSURRO: Kesi => Xxxtentacion] [Susurro: me alegro]pordos
[SUSURRO: Kesi => Lusho] [Susurro: pordos]yo a las 4
[SUSURRO: Kesi => Lusho] [Susurro: yo a las 4]y a las 10
[SUSURRO: Kesi => Lusho] [Susurro: y a las 10]yo me despierto a las 5 de la tarde
[SUSURRO: Kesi => Lusho] [Susurro: yo me despierto a las 5 de la tarde]no se
[SUSURRO: Kesi => Lusho] [Susurro: no se]JAJAJA
[SUSURRO: Kesi => Lusho] [Susurro: JAJAJA]a los 17 dejamos de crecer se supone
[SUSURRO: Kesi => Lusho] [Susurro: a los 17 dejamos de crecer se supone]AJJAJA
[SUSURRO: Kesi => Lusho] [Susurro: AJJAJA]me iba amanecida
[SUSURRO: Kesi => Lusho] [Susurro: me iba amanecida]q vida de mierda
[SUSURRO: Kesi => Lusho] [Susurro: q vida de mierda]toi haciendo bromis
[SUSURRO: Kesi => Shadow] [Susurro: toi haciendo bromis]:(
[SUSURRO: Kesi => Shadow] [Susurro: :(]siXDDDDDDD
[SUSURRO: Kesi => Shadow] [Susurro: siXDDDDDDD]callate
[SUSURRO: Kesi => Shadow] [Susurro: callate]ya hable con el
[SUSURRO: Kesi => Shadow] [Susurro: ya hable con el]y le dije las cosas claras
[SUSURRO: Kesi => Shadow] [Susurro: y le dije las cosas claras]y bueno asumio q se equivoco
[SUSURRO: Kesi => Shadow] [Susurro: y bueno asumio q se equivoco]y ya mejoro mucho xd
[SUSURRO: Kesi => Shadow] [Susurro: y ya mejoro mucho xd]si me esta dando demasiada atencion
[SUSURRO: Kesi => Shadow] [Susurro: si me esta dando demasiada atencion]ahora quiero menos
[SUSURRO: Kesi => Shadow] [Susurro: ahora quiero menos]JAJAJAJAJA
[SUSURRO: Kesi => Shadow] [Susurro: JAJAJAJAJA]y si
[SUSURRO: Kesi => Shadow] [Susurro: y si]todo mal haces
[SUSURRO: Kesi => Shadow] [Susurro: todo mal haces]ASKLDJALKSDJASKLDJASJKLDALSJKLJKSAD
[SUSURRO: Kesi => Shadow] [Susurro: ASKLDJALKSDJASKLDJASJKLDALSJKLJKSAD]memuero
[SUSURRO: Kesi => Shadow] [Susurro: memuero]si dije
[SUSURRO: Kesi => Shadow] [Susurro: si dije]tenes razon
[SUSURRO: Kesi => Shadow] [Susurro: tenes razon]y tkm
[SUSURRO: Kesi => Shadow] [Susurro: y tkm]dale ermano
[SUSURRO: Kesi => Shadow] [Susurro: dale ermano]no te voy a dar la papaya
[SUSURRO: Kesi => Shadow] [Susurro: no te voy a dar la papaya]menos
[SUSURRO: Kesi => Shadow] [Susurro: menos]solo 2 de esta sala tienen eso
[SUSURRO: Kesi => Shadow] [Susurro: solo 2 de esta sala tienen eso]:( xdddddddddd
[SUSURRO: Kesi => Shadow] [Susurro: :( xdddddddddd]dije dos
[SUSURRO: Kesi => Shadow] [Susurro: dije dos]no dije kienes
[SUSURRO: Kesi => Shadow] [Susurro: no dije kienes]pa k kieres saber chusma
[SUSURRO: Kesi => Shadow] [Susurro: pa k kieres saber chusma]informacion confidencial
[SUSURRO: Kesi => Shadow] [Susurro: informacion confidencial]lusho noXDDDDD
[SUSURRO: Kesi => Shadow] [Susurro: lusho noXDDDDD]como q mas te vale
[SUSURRO: Kesi => Shadow] [Susurro: como q mas te vale]me vas a decir a quien mandarle o k
[SUSURRO: Kesi => Shadow] [Susurro: me vas a decir a quien mandarle o k]q amistad toxica
[SUSURRO: Kesi => Shadow] [Susurro: q amistad toxica]XDDDDDDD
[SUSURRO: Kesi => Shadow] [Susurro: XDDDDDDD]no
[SUSURRO: Kesi => Shadow] [Susurro: no]si toi casada
[SUSURRO: Kesi => Shadow] [Susurro: si toi casada]solo mi novio ve
[SUSURRO: Kesi => Shadow] [Susurro: solo mi novio ve]JAJAJJA
[SUSURRO: Kesi => Shadow] [Susurro: JAJAJJA]YO NO HAGO ESAS COSAS SI TENGO PAREJA
[SUSURRO: Kesi => Shadow] [Susurro: YO NO HAGO ESAS COSAS SI TENGO PAREJA]no
[SUSURRO: Kesi => Shadow] [Susurro: no]solo kiero ver un pepino
[SUSURRO: Kesi => Shadow] [Susurro: solo kiero ver un pepino]soy fiel
[SUSURRO: Kesi => Shadow] [Susurro: soy fiel]*ojitos
[SUSURRO: Kesi => Shadow] [Susurro: *ojitos]como q ni
[SUSURRO: Kesi => Shadow] [Susurro: como q ni]a mi me pesa la conciencia
[SUSURRO: Kesi => Shadow] [Susurro: a mi me pesa la conciencia]si
[SUSURRO: Kesi => Shadow] [Susurro: si]pecador
[SUSURRO: Kesi => Shadow] [Susurro: pecador]AKLSDJLDKAS
[SUSURRO: Kesi => Shadow] [Susurro: AKLSDJLDKAS]no te la voy a dar
[SUSURRO: Kesi => Shadow] [Susurro: no te la voy a dar]kevin me quiere sacar pack como sea
[SUSURRO: Kesi => Lusho] [Susurro: kevin me quiere sacar pack como sea]q se envio?:(
[SUSURRO: Kesi => Lusho] [Susurro: q se envio?:(]DIOS
[SUSURRO: Kesi => Lusho] [Susurro: DIOS]MI WIFI AH
[SUSURRO: Kesi => Lusho] [Susurro: MI WIFI AH]ok mi wifi anda mal
[SUSURRO: Kesi => Shadow] [Susurro: ok mi wifi anda mal]dijiste algo?
[SUSURRO: Kesi => Shadow] [Susurro: dijiste algo?]no c
[SUSURRO: Kesi => Lusho] [Susurro: no c]siempre jode pidiendomelo
[SUSURRO: Kesi => Lusho] [Susurro: siempre jode pidiendomelo]y me dijo q
[SUSURRO: Kesi => Lusho] [Susurro: y me dijo q]va yo dije
[SUSURRO: Kesi => Lusho] [Susurro: va yo dije]q solo dos de la sala tienen algo mio
[SUSURRO: Kesi => Lusho] [Susurro: q solo dos de la sala tienen algo mio]y me dijo
[SUSURRO: Kesi => Lusho] [Susurro: y me dijo]lusho?????
[SUSURRO: Kesi => Lusho] [Susurro: lusho?????]y yo dije q no
[SUSURRO: Kesi => Lusho] [Susurro: y yo dije q no]y me dice
[SUSURRO: Kesi => Lusho] [Susurro: y me dice]a
[SUSURRO: Kesi => Lusho] [Susurro: a]pq sino me doleria eso de los dos
[SUSURRO: Kesi => Lusho] [Susurro: pq sino me doleria eso de los dos]XDDDDDDDDDD
[SUSURRO: Kesi => Lusho] [Susurro: XDDDDDDDDDD]q le dije
[SUSURRO: Kesi => Lusho] [Susurro: q le dije]que solo a dos de esta sala
[SUSURRO: Kesi => Lusho] [Susurro: que solo a dos de esta sala]le mande pack
[SUSURRO: Kesi => Lusho] [Susurro: le mande pack]y me pregunto si te mande a vos
[SUSURRO: Kesi => Lusho] [Susurro: y me pregunto si te mande a vos]y dije q no
[SUSURRO: Kesi => Lusho] [Susurro: y dije q no]al inex
[SUSURRO: Kesi => Lusho] [Susurro: al inex]jiji
[SUSURRO: Kesi => Lusho] [Susurro: jiji]pero
[SUSURRO: Kesi => Lusho] [Susurro: pero]no le dije a quienes le mande
[SUSURRO: Kesi => Lusho] [Susurro: no le dije a quienes le mande]KSDJ
[SUSURRO: Kesi => Lusho] [Susurro: KSDJ]si:(
[SUSURRO: Kesi => Lusho] [Susurro: si:(]tenes plato?
[SUSURRO: Kesi => Lusho] [Susurro: tenes plato?]una app con muchos juegos
[SUSURRO: Kesi => Lusho] [Susurro: una app con muchos juegos]donde podes jugar con mucha gente
[SUSURRO: Kesi => Lusho] [Susurro: donde podes jugar con mucha gente]queres unirte a mi grupo o k
[SUSURRO: Kesi => Lusho] [Susurro: queres unirte a mi grupo o k]estamos paula
[SUSURRO: Kesi => Lusho] [Susurro: estamos paula]kevin
[SUSURRO: Kesi => Lusho] [Susurro: kevin]y yo
[SUSURRO: Kesi => Lusho] [Susurro: y yo]jugamos al uno
[SUSURRO: Kesi => Lusho] [Susurro: jugamos al uno]al pool
[SUSURRO: Kesi => Lusho] [Susurro: al pool]entre otros
[SUSURRO: Kesi => Lusho] [Susurro: entre otros]ayyy
[SUSURRO: Kesi => Lusho] [Susurro: ayyy]ty
[SUSURRO: Kesi => Lusho] [Susurro: ty]aa
[SUSURRO: Kesi => Shadow] [Susurro: aa]solo mi nobio ve estos privilegios
[SUSURRO: Kesi => Shadow] [Susurro: solo mi nobio ve estos privilegios]fuiste
[SUSURRO: Kesi => Shadow] [Susurro: fuiste]jeje
[SUSURRO: Kesi => Shadow] [Susurro: jeje]noo
[SUSURRO: Kesi => Shadow] [Susurro: noo]pa q quiero yo apostar
[SUSURRO: Kesi => Shadow] [Susurro: pa q quiero yo apostar]see
[SUSURRO: Kesi => Shadow] [Susurro: see]si la conozco
[SUSURRO: Kesi => Lusho] [Susurro: si la conozco]LKAJSDLKASJKLSADJKLSA
[SUSURRO: Kesi => Lusho] [Susurro: LKAJSDLKASJKLSADJKLSA]no yores
[SUSURRO: Kesi => Lusho] [Susurro: no yores]tqm
[SUSURRO: Kesi => Lusho] [Susurro: tqm]me da bronquita jugar mal
[SUSURRO: Kesi => Lusho] [Susurro: me da bronquita jugar mal]AKLSJDLKSAJKLSADJKLASDJKLADS
[SUSURRO: Kesi => Lusho] [Susurro: AKLSJDLKSAJKLSADJKLASDJKLADS]go bb
[SUSURRO: Kesi => Lusho] [Susurro: go bb]bueno
[SUSURRO: Kesi => Lusho] [Susurro: bueno]voy a hacer la comicion
[SUSURRO: Kesi => Lusho] [Susurro: voy a hacer la comicion]jugamos mas tarde o k
[SUSURRO: Kesi => Lusho] [Susurro: jugamos mas tarde o k]okiii
[SUSURRO: Kesi => Lusho] [Susurro: okiii]xau
[SUSURRO: Kesi => Lusho] [Susurro: xau]