MI VIDA
[SUSURRO: Kru => Kaisa] [Susurro: MI VIDA]QUÉ TAL
[SUSURRO: Kru => Kaisa] [Susurro: QUÉ TAL]TODO REGIIOOOOOO
[SUSURRO: Kru => Kaisa] [Susurro: TODO REGIIOOOOOO]ella me dice david
[SUSURRO: Kru => Trueford] [Susurro: ella me dice david]todos en minitf me decian david
[SUSURRO: Kru => Trueford] [Susurro: todos en minitf me decian david]dios
[SUSURRO: Kru => Kaisa] [Susurro: dios]quien re abrió esto
[SUSURRO: Kru => Kaisa] [Susurro: quien re abrió esto]y quién les dió permiso de usar mi central
[SUSURRO: Kru => Kaisa] [Susurro: y quién les dió permiso de usar mi central]DESDE
[SUSURRO: Kru => Kaisa] [Susurro: DESDE]2013
[SUSURRO: Kru => Kaisa] [Susurro: 2013]LABURANDO EN ESTO
[SUSURRO: Kru => Kaisa] [Susurro: LABURANDO EN ESTO]para que lo cierren y lo abran
[SUSURRO: Kru => Kaisa] [Susurro: para que lo cierren y lo abran]90 veces
[SUSURRO: Kru => Kaisa] [Susurro: 90 veces]blda acce y yo cerramos mtf, cm, rm, tfpt, comes
[SUSURRO: Kru => Kaisa] [Susurro: blda acce y yo cerramos mtf, cm, rm, tfpt, comes]porque esto ya no funciona, tipo
[SUSURRO: Kru => Kaisa] [Susurro: porque esto ya no funciona, tipo]¿Qué haces de tu vida querido?
[SUSURRO: Kru => Nyx] [Susurro: ¿Qué haces de tu vida querido?]Lo mismo, terminando la cursada de la del instituto
[SUSURRO: Kru => Nyx] [Susurro: Lo mismo, terminando la cursada de la del instituto]No puedo creer que me voy a recibir desde mi casa
[SUSURRO: Kru => Nyx] [Susurro: No puedo creer que me voy a recibir desde mi casa]Me parece increíble que después de 3 años
[SUSURRO: Kru => Nyx] [Susurro: Me parece increíble que después de 3 años]Sigan abriendo servidores de esto, teniendo en cuenta que ya le dimos un adiós con Alexander hace muchísimo tiempo
[SUSURRO: Kru => Nyx] [Susurro: Sigan abriendo servidores de esto, teniendo en cuenta que ya le dimos un adiós con Alexander hace muchísimo tiempo]Al revés, a mi tampoco me parece algo malo
[SUSURRO: Kru => Nyx] [Susurro: Al revés, a mi tampoco me parece algo malo]Tan solo que usar el nombre de ''CentralMice''
[SUSURRO: Kru => Nyx] [Susurro: Tan solo que usar el nombre de ''CentralMice'']Solo me sorprende xd
[SUSURRO: Kru => Nyx] [Susurro: Solo me sorprende xd]Nada, jugar al golf
[SUSURRO: Kru => Nyx] [Susurro: Nada, jugar al golf]Viajar bastante
[SUSURRO: Kru => Nyx] [Susurro: Viajar bastante]Ahora invierno en empresas
[SUSURRO: Kru => Nyx] [Susurro: Ahora invierno en empresas]Y doy clases de ingeniería en sonido cuando puedo y me permiten en el conservatorio de música
[SUSURRO: Kru => Nyx] [Susurro: Y doy clases de ingeniería en sonido cuando puedo y me permiten en el conservatorio de música]Tú?
[SUSURRO: Kru => Nyx] [Susurro: Tú?]Y no, no soy tan viejo, solo que tengo cursos hechos en la materia jaja
[SUSURRO: Kru => Nyx] [Susurro: Y no, no soy tan viejo, solo que tengo cursos hechos en la materia jaja]+Karma
[SUSURRO: Kru => Nyx] [Susurro: +Karma]Dejame que te paso el tag
[SUSURRO: Kru => Nyx] [Susurro: Dejame que te paso el tag]+Karma#0288
[SUSURRO: Kru => Nyx] [Susurro: +Karma#0288]