busco ser staff
[SUSURRO: Lesslie => Readme] [Susurro: busco ser staff]por q decidieron reabrir mtf
[SUSURRO: Lesslie => Ale] [Susurro: por q decidieron reabrir mtf]djkshfksjh
[SUSURRO: Lesslie => Ale] [Susurro: djkshfksjh]cállate
[SUSURRO: Lesslie => Shadow] [Susurro: cállate]si son buenos si
[SUSURRO: Lesslie => Rafaxyz] [Susurro: si son buenos si]pasamelos
[SUSURRO: Lesslie => Wolkout] [Susurro: pasamelos]todos por discord pls
[SUSURRO: Lesslie => Wolkout] [Susurro: todos por discord pls]so
[SUSURRO: Lesslie => Wolkout] [Susurro: so]si
[SUSURRO: Lesslie => Wolkout] [Susurro: si]no c puede
[SUSURRO: Lesslie => Shadow] [Susurro: no c puede]nomas somos 2 admins
[SUSURRO: Lesslie => Shadow] [Susurro: nomas somos 2 admins]hope
[SUSURRO: Lesslie => Shadow] [Susurro: hope]SE HIZO CUENTA MILI
[SUSURRO: Lesslie => Shadow] [Susurro: SE HIZO CUENTA MILI]AJAJAJAJAJAJAJAJAJAJAJAJ
[SUSURRO: Lesslie => Shadow] [Susurro: AJAJAJAJAJAJAJAJAJAJAJAJ]gracias x meterme
[SUSURRO: Lesslie => Shadow] [Susurro: gracias x meterme]ok
[SUSURRO: Lesslie => Shadow] [Susurro: ok]ok metanme
[SUSURRO: Lesslie => Shadow] [Susurro: ok metanme]52 8714706547
[SUSURRO: Lesslie => Shadow] [Susurro: 52 8714706547]JJAJAJAJA callate
[SUSURRO: Lesslie => Shadow] [Susurro: JJAJAJAJA callate]no
[SUSURRO: Lesslie => Shadow] [Susurro: no]listo
[SUSURRO: Lesslie => Shadow] [Susurro: listo]confío en ti
[SUSURRO: Lesslie => Shadow] [Susurro: confío en ti]si lo ases bien te doy mod
[SUSURRO: Lesslie => Shadow] [Susurro: si lo ases bien te doy mod]ok
[SUSURRO: Lesslie => Shadow] [Susurro: ok]los onvres son malos
[SUSURRO: Lesslie => Shadow] [Susurro: los onvres son malos]ok la vrd el grupo c v bien aburrido
[SUSURRO: Lesslie => Shadow] [Susurro: ok la vrd el grupo c v bien aburrido]pense q habia mas gente
[SUSURRO: Lesslie => Shadow] [Susurro: pense q habia mas gente]kkk kesi ya ta re grande
[SUSURRO: Lesslie => Shadow] [Susurro: kkk kesi ya ta re grande]porque lo hago
[SUSURRO: Lesslie => Shadow] [Susurro: porque lo hago]kesi anda con luxo ok
[SUSURRO: Lesslie => Shadow] [Susurro: kesi anda con luxo ok]o k
[SUSURRO: Lesslie => Shadow] [Susurro: o k]pq entre tu y yo ya paso lo q tenia q pasar
[SUSURRO: Lesslie => Shadow] [Susurro: pq entre tu y yo ya paso lo q tenia q pasar]sipo pero teniamos 15 años
[SUSURRO: Lesslie => Shadow] [Susurro: sipo pero teniamos 15 años]ya fue
[SUSURRO: Lesslie => Shadow] [Susurro: ya fue]no bro
[SUSURRO: Lesslie => Shadow] [Susurro: no bro]lo nuestro ya no sera posibol
[SUSURRO: Lesslie => Shadow] [Susurro: lo nuestro ya no sera posibol]nunca
[SUSURRO: Lesslie => Shadow] [Susurro: nunca]tienes razon
[SUSURRO: Lesslie => Shadow] [Susurro: tienes razon]no kiero
[SUSURRO: Lesslie => Shadow] [Susurro: no kiero]contigo ni co n nadie aki
[SUSURRO: Lesslie => Shadow] [Susurro: contigo ni co n nadie aki]tons pa q preguntas
[SUSURRO: Lesslie => Shadow] [Susurro: tons pa q preguntas]ya po y si me superaste
[SUSURRO: Lesslie => Shadow] [Susurro: ya po y si me superaste]tons ya fue
[SUSURRO: Lesslie => Shadow] [Susurro: tons ya fue]ya no tenemos nada q hacer junto
[SUSURRO: Lesslie => Shadow] [Susurro: ya no tenemos nada q hacer junto]juntos
[SUSURRO: Lesslie => Shadow] [Susurro: juntos]JKSHFJK no c como
[SUSURRO: Lesslie => Shadow] [Susurro: JKSHFJK no c como]ya c quitaron
[SUSURRO: Lesslie => Shadow] [Susurro: ya c quitaron]o no
[SUSURRO: Lesslie => Shadow] [Susurro: o no]YA VES
[SUSURRO: Lesslie => Shadow] [Susurro: YA VES]SI ANDAN
[SUSURRO: Lesslie => Shadow] [Susurro: SI ANDAN]luxo y ksi
[SUSURRO: Lesslie => Shadow] [Susurro: luxo y ksi]ueno vuelvo al rato
[SUSURRO: Lesslie => Shadow] [Susurro: ueno vuelvo al rato]xau
[SUSURRO: Lesslie => Shadow] [Susurro: xau]qué rango tienes
[SUSURRO: Lesslie => Nyx] [Susurro: qué rango tienes]si sabes programar?? :o
[SUSURRO: Lesslie => Nyx] [Susurro: si sabes programar?? :o]hazme un title:(
[SUSURRO: Lesslie => Nyx] [Susurro: hazme un title:(]>:(
[SUSURRO: Lesslie => Nyx] [Susurro: >:(]ni sé quienes son
[SUSURRO: Lesslie => Nyx] [Susurro: ni sé quienes son]no les hablo
[SUSURRO: Lesslie => Nyx] [Susurro: no les hablo]no quiero
[SUSURRO: Lesslie => Nyx] [Susurro: no quiero]recuérdame tu nombre :( lo olvidé
[SUSURRO: Lesslie => Nyx] [Susurro: recuérdame tu nombre :( lo olvidé]CRIS
[SUSURRO: Lesslie => Nyx] [Susurro: CRIS]no?
[SUSURRO: Lesslie => Nyx] [Susurro: no?]carlos
[SUSURRO: Lesslie => Nyx] [Susurro: carlos]NO
[SUSURRO: Lesslie => Nyx] [Susurro: NO]manuel
[SUSURRO: Lesslie => Nyx] [Susurro: manuel]no?
[SUSURRO: Lesslie => Nyx] [Susurro: no?]teníamos mucho tiempo sin hablar ok
[SUSURRO: Lesslie => Nyx] [Susurro: teníamos mucho tiempo sin hablar ok]SIII
[SUSURRO: Lesslie => Nyx] [Susurro: SIII]ok
[SUSURRO: Lesslie => Nyx] [Susurro: ok]perd0n
[SUSURRO: Lesslie => Nyx] [Susurro: perd0n]estoy chiquita
[SUSURRO: Lesslie => Nyx] [Susurro: estoy chiquita]con qué autoridad me dices niña
[SUSURRO: Lesslie => Douther] [Susurro: con qué autoridad me dices niña]en tus sueños
[SUSURRO: Lesslie => Douther] [Susurro: en tus sueños]si
[SUSURRO: Lesslie => Douther] [Susurro: si]primero dime quién eres luego vemos
[SUSURRO: Lesslie => Douther] [Susurro: primero dime quién eres luego vemos]ok ya sabía
[SUSURRO: Lesslie => Douther] [Susurro: ok ya sabía]&lt;3
[SUSURRO: Lesslie => Douther] [Susurro: &lt;3]&lt;3
[SUSURRO: Lesslie => Douther] [Susurro: &lt;3]por qué nadie debería saberlo
[SUSURRO: Lesslie => Douther] [Susurro: por qué nadie debería saberlo]ash
[SUSURRO: Lesslie => Douther] [Susurro: ash]que planes tienen pal mice
[SUSURRO: Lesslie => Douther] [Susurro: que planes tienen pal mice]no me aparece
[SUSURRO: Lesslie => Luna] [Susurro: no me aparece]no me aparece
[SUSURRO: Lesslie => Nyx] [Susurro: no me aparece]me equivoqué de chat
[SUSURRO: Lesslie => Luna] [Susurro: me equivoqué de chat]dame mi admin csm
[SUSURRO: Lesslie => Nyx] [Susurro: dame mi admin csm]