holi
[SUSURRO: Lovs => Hath] [Susurro: holi]vine para bludear, deberia estar haciendo tarea:(
[SUSURRO: Lovs => Hath] [Susurro: vine para bludear, deberia estar haciendo tarea:(]me sigue escribiendo la amiga de ayer JAJAJAJ
[SUSURRO: Lovs => Hath] [Susurro: me sigue escribiendo la amiga de ayer JAJAJAJ]respondiste a
[SUSURRO: Lovs => Hath] [Susurro: respondiste a]me manda audios
[SUSURRO: Lovs => Hath] [Susurro: me manda audios]si
[SUSURRO: Lovs => Hath] [Susurro: si]no pienso hhablarle
[SUSURRO: Lovs => Hath] [Susurro: no pienso hhablarle]se me re complica jugar ccon las uñas HSJAJ
[SUSURRO: Lovs => Hath] [Susurro: se me re complica jugar ccon las uñas HSJAJ]verga
[SUSURRO: Lovs => Hath] [Susurro: verga]ni en pedo
[SUSURRO: Lovs => Hath] [Susurro: ni en pedo]el pelo
[SUSURRO: Lovs => Hath] [Susurro: el pelo]yo mas
[SUSURRO: Lovs => Hath] [Susurro: yo mas]te vas:(?
[SUSURRO: Lovs => Hath] [Susurro: te vas:(?]:D
[SUSURRO: Lovs => Hath] [Susurro: :D]okioki&lt;3
[SUSURRO: Lovs => Hath] [Susurro: okioki&lt;3]yo mas&lt;333
[SUSURRO: Lovs => Hath] [Susurro: yo mas&lt;333]me cagaste la cuentaHAJAJ
[SUSURRO: Lovs => Hath] [Susurro: me cagaste la cuentaHAJAJ]t amo igual a
[SUSURRO: Lovs => Hath] [Susurro: t amo igual a]no:(
[SUSURRO: Lovs => Hath] [Susurro: no:(]a
[SUSURRO: Lovs => Hath] [Susurro: a]te va a costar caro a
[SUSURRO: Lovs => Hath] [Susurro: te va a costar caro a]no
[SUSURRO: Lovs => Hath] [Susurro: no]reinicio bb
[SUSURRO: Lovs => Hath] [Susurro: reinicio bb]eesaesa
[SUSURRO: Lovs => Hath] [Susurro: eesaesa]add?? boe
[SUSURRO: Lovs => Keko] [Susurro: add?? boe]