es el inex
[SUSURRO: Lusho => Hack] [Susurro: es el inex]ta re linda
[SUSURRO: Lusho => Kesi] [Susurro: ta re linda]yo te dedico otrobb
[SUSURRO: Lusho => Kesi] [Susurro: yo te dedico otrobb]ci
[SUSURRO: Lusho => Kesi] [Susurro: ci]:(
[SUSURRO: Lusho => Kesi] [Susurro: :(]ise todo perfek
[SUSURRO: Lusho => Kesi] [Susurro: ise todo perfek]ai lag xd
[SUSURRO: Lusho => Kesi] [Susurro: ai lag xd]keria fullscren pero no hay
[SUSURRO: Lusho => Kesi] [Susurro: keria fullscren pero no hay]y tu pon lo mismo
[SUSURRO: Lusho => Kesi] [Susurro: y tu pon lo mismo]pero de lusho
[SUSURRO: Lusho => Kesi] [Susurro: pero de lusho]listo
[SUSURRO: Lusho => Kesi] [Susurro: listo]pa joder al kevin o k
[SUSURRO: Lusho => Kesi] [Susurro: pa joder al kevin o k]y pq te da risa entonces
[SUSURRO: Lusho => Kesi] [Susurro: y pq te da risa entonces]t burlas
[SUSURRO: Lusho => Kesi] [Susurro: t burlas]dea
[SUSURRO: Lusho => Kesi] [Susurro: dea]XDDDDDDDD
[SUSURRO: Lusho => Kesi] [Susurro: XDDDDDDDD]m aburro
[SUSURRO: Lusho => Kesi] [Susurro: m aburro]mañana tengo clases a las 11
[SUSURRO: Lusho => Kesi] [Susurro: mañana tengo clases a las 11]:c
[SUSURRO: Lusho => Kesi] [Susurro: :c]puxa k lata
[SUSURRO: Lusho => Kesi] [Susurro: puxa k lata]ni yo cuando me kedaba hasta tarde
[SUSURRO: Lusho => Kesi] [Susurro: ni yo cuando me kedaba hasta tarde]tu si k nose como no creces
[SUSURRO: Lusho => Kesi] [Susurro: tu si k nose como no creces]y si
[SUSURRO: Lusho => Kesi] [Susurro: y si]cuando tenias 13 no dormias nunca
[SUSURRO: Lusho => Kesi] [Susurro: cuando tenias 13 no dormias nunca]x eso te kedaste enana
[SUSURRO: Lusho => Kesi] [Susurro: x eso te kedaste enana]XDDDDDDD
[SUSURRO: Lusho => Kesi] [Susurro: XDDDDDDD]KLJJDSLKJF
[SUSURRO: Lusho => Kesi] [Susurro: KLJJDSLKJF]q
[SUSURRO: Lusho => Kesi] [Susurro: q]pq
[SUSURRO: Lusho => Kesi] [Susurro: pq]> [es] [Kesi] kevin me quiere sacar pack como sea> [Kesi] Jugador desconectado
[SUSURRO: Lusho => Kesi] [Susurro: > [es] [Kesi] kevin me quiere sacar pack como sea> [Kesi] Jugador desconectado]XDD
[SUSURRO: Lusho => Kesi] [Susurro: XDD]q onda
[SUSURRO: Lusho => Kesi] [Susurro: q onda]como?
[SUSURRO: Lusho => Kesi] [Susurro: como?]no entendi:(
[SUSURRO: Lusho => Kesi] [Susurro: no entendi:(]q le doleria
[SUSURRO: Lusho => Kesi] [Susurro: q le doleria]q
[SUSURRO: Lusho => Kesi] [Susurro: q]a kien mas
[SUSURRO: Lusho => Kesi] [Susurro: a kien mas]qqqqqqqq
[SUSURRO: Lusho => Kesi] [Susurro: qqqqqqqq]XDDDDDDDDDDDDDDDDDD
[SUSURRO: Lusho => Kesi] [Susurro: XDDDDDDDDDDDDDDDDDD]pa q le dices eso
[SUSURRO: Lusho => Kesi] [Susurro: pa q le dices eso]ahora t jodera mas
[SUSURRO: Lusho => Kesi] [Susurro: ahora t jodera mas]no ksdf
[SUSURRO: Lusho => Kesi] [Susurro: no ksdf]q es
[SUSURRO: Lusho => Kesi] [Susurro: q es]ah si
[SUSURRO: Lusho => Kesi] [Susurro: ah si]bueno ahi me uno
[SUSURRO: Lusho => Kesi] [Susurro: bueno ahi me uno]bue
[SUSURRO: Lusho => Kesi] [Susurro: bue]magv
[SUSURRO: Lusho => Kesi] [Susurro: magv]XDD
[SUSURRO: Lusho => Kesi] [Susurro: XDD]:(
[SUSURRO: Lusho => Kesi] [Susurro: :(]lsdkfs
[SUSURRO: Lusho => Kesi] [Susurro: lsdkfs]a mi tambien
[SUSURRO: Lusho => Kesi] [Susurro: a mi tambien]ptm
[SUSURRO: Lusho => Kesi] [Susurro: ptm]ya me dio rabia
[SUSURRO: Lusho => Kesi] [Susurro: ya me dio rabia]me voy a poner el hack
[SUSURRO: Lusho => Kesi] [Susurro: me voy a poner el hack]pppppuuuuuttttaaaa mmmmaaadddddrrrreeeeeee
[SUSURRO: Lusho => Kesi] [Susurro: pppppuuuuuttttaaaa mmmmaaadddddrrrreeeeeee]mmmm:(
[SUSURRO: Lusho => Kesi] [Susurro: mmmm:(]buenoo
[SUSURRO: Lusho => Kesi] [Susurro: buenoo]nose si siga
[SUSURRO: Lusho => Kesi] [Susurro: nose si siga]t aviso
[SUSURRO: Lusho => Kesi] [Susurro: t aviso]cualkier cosa
[SUSURRO: Lusho => Kesi] [Susurro: cualkier cosa]