Hola Esposo Como estas ndeaaah:v
[SUSURRO: Magv => Andres] [Susurro: Hola Esposo Como estas ndeaaah:v]no tenes baffler?
[SUSURRO: Magv => Devil666] [Susurro: no tenes baffler?]que paja este mice
[SUSURRO: Magv => Devil666] [Susurro: que paja este mice]son todos re mogolicos
[SUSURRO: Magv => Devil666] [Susurro: son todos re mogolicos]dios si, que asco me da
[SUSURRO: Magv => Devil666] [Susurro: dios si, que asco me da]quiéness?
[SUSURRO: Magv => Devil666] [Susurro: quiéness?]los llamó benja creo, por eso
[SUSURRO: Magv => Devil666] [Susurro: los llamó benja creo, por eso]ese rafa quién es
[SUSURRO: Magv => Devil666] [Susurro: ese rafa quién es]pasealos
[SUSURRO: Magv => Devil666] [Susurro: pasealos]quiénn
[SUSURRO: Magv => Devil666] [Susurro: quiénn]JAJAJAJAJ
[SUSURRO: Magv => Devil666] [Susurro: JAJAJAJAJ]no es el?
[SUSURRO: Magv => Devil666] [Susurro: no es el?]yo menos
[SUSURRO: Magv => Devil666] [Susurro: yo menos]ayer dijo que era de mf
[SUSURRO: Magv => Devil666] [Susurro: ayer dijo que era de mf]tipo esa cuenta
[SUSURRO: Magv => Devil666] [Susurro: tipo esa cuenta]no te lo toma?
[SUSURRO: Magv => Devil666] [Susurro: no te lo toma?]tengo una rabia, me caen todos mal
[SUSURRO: Magv => Devil666] [Susurro: tengo una rabia, me caen todos mal]voy a tratar de jugar bien
[SUSURRO: Magv => Devil666] [Susurro: voy a tratar de jugar bien]xq no quiero que ganen
[SUSURRO: Magv => Devil666] [Susurro: xq no quiero que ganen]a mí kevin y lusho nomas
[SUSURRO: Magv => Devil666] [Susurro: a mí kevin y lusho nomas]después a los otros no los juno
[SUSURRO: Magv => Devil666] [Susurro: después a los otros no los juno]pero me caen mal igual
[SUSURRO: Magv => Devil666] [Susurro: pero me caen mal igual]que rabia
[SUSURRO: Magv => Devil666] [Susurro: que rabia]JAJAJAJ
[SUSURRO: Magv => Devil666] [Susurro: JAJAJAJ]dale
[SUSURRO: Magv => Devil666] [Susurro: dale]por qué 1min
[SUSURRO: Magv => Devil666] [Susurro: por qué 1min]tas descargando algo?
[SUSURRO: Magv => Devil666] [Susurro: tas descargando algo?]dios en serio me enoja perder
[SUSURRO: Magv => Devil666] [Susurro: dios en serio me enoja perder]no te rías estoy enojada.
[SUSURRO: Magv => Devil666] [Susurro: no te rías estoy enojada.]ahre
[SUSURRO: Magv => Devil666] [Susurro: ahre]muy bien, así mg
[SUSURRO: Magv => Devil666] [Susurro: muy bien, así mg]JAJAJ ESTÁ SLIPE
[SUSURRO: Magv => Devil666] [Susurro: JAJAJ ESTÁ SLIPE]uno de mini
[SUSURRO: Magv => Devil666] [Susurro: uno de mini]que me odia
[SUSURRO: Magv => Devil666] [Susurro: que me odia]ah no creo que no está
[SUSURRO: Magv => Devil666] [Susurro: ah no creo que no está]qué cosaa
[SUSURRO: Magv => Devil666] [Susurro: qué cosaa]la fricción?
[SUSURRO: Magv => Devil666] [Susurro: la fricción?]aaa
[SUSURRO: Magv => Devil666] [Susurro: aaa]lpm
[SUSURRO: Magv => Devil666] [Susurro: lpm]y por qué otra cosa podes entrar
[SUSURRO: Magv => Devil666] [Susurro: y por qué otra cosa podes entrar]dale pasealos
[SUSURRO: Magv => Devil666] [Susurro: dale pasealos]asi no ganan
[SUSURRO: Magv => Devil666] [Susurro: asi no ganan]same
[SUSURRO: Magv => Devil666] [Susurro: same]eso iba a decir
[SUSURRO: Magv => Devil666] [Susurro: eso iba a decir]creo que es por vpn
[SUSURRO: Magv => Devil666] [Susurro: creo que es por vpn]pero ni ahí entro
[SUSURRO: Magv => Devil666] [Susurro: pero ni ahí entro]con mi ip
[SUSURRO: Magv => Devil666] [Susurro: con mi ip]cómo ves eso, no me sale
[SUSURRO: Magv => Devil666] [Susurro: cómo ves eso, no me sale]JAJAJA
[SUSURRO: Magv => Devil666] [Susurro: JAJAJA]se me re adelantan loco
[SUSURRO: Magv => Devil666] [Susurro: se me re adelantan loco]no sé, me veo bien y después voy a mil metros
[SUSURRO: Magv => Devil666] [Susurro: no sé, me veo bien y después voy a mil metros]voy a entrar sin vpn, ya fue
[SUSURRO: Magv => Devil666] [Susurro: voy a entrar sin vpn, ya fue]ya vengo
[SUSURRO: Magv => Devil666] [Susurro: ya vengo]Tu ping es: 180.
[SUSURRO: Magv => Devil666] [Susurro: Tu ping es: 180.]ahora si creo
[SUSURRO: Magv => Devil666] [Susurro: ahora si creo]que pro
[SUSURRO: Magv => Devil666] [Susurro: que pro]okis, mejor
[SUSURRO: Magv => Devil666] [Susurro: okis, mejor]Tkm lindo
[SUSURRO: Magv => Devil666] [Susurro: Tkm lindo]si vistee
[SUSURRO: Magv => Devil666] [Susurro: si vistee]por eso yo escalo re piola aca
[SUSURRO: Magv => Devil666] [Susurro: por eso yo escalo re piola aca]odio la fricción de mf
[SUSURRO: Magv => Devil666] [Susurro: odio la fricción de mf]me caigo en chocolate
[SUSURRO: Magv => Devil666] [Susurro: me caigo en chocolate]