este juego no tiene forum? xd
[SUSURRO: No_4u => Aura] [Susurro: este juego no tiene forum? xd]le doy foro y no habre
[SUSURRO: No_4u => Aura] [Susurro: le doy foro y no habre]estoy escribiendo rapido xd
[SUSURRO: No_4u => Aura] [Susurro: estoy escribiendo rapido xd]es con h intermediea
[SUSURRO: No_4u => Aura] [Susurro: es con h intermediea]abrhe
[SUSURRO: No_4u => Aura] [Susurro: abrhe]mejor me creo otra acc xd
[SUSURRO: No_4u => Aura] [Susurro: mejor me creo otra acc xd]su nombre lo dice todo
[SUSURRO: No_4u => Aura] [Susurro: su nombre lo dice todo]report?
[SUSURRO: No_4u => Aura] [Susurro: report?]YA ABRIO MICEEEEEEEEEEE
[SUSURRO: No_4u => Aura] [Susurro: YA ABRIO MICEEEEEEEEEEE]o bueno
[SUSURRO: No_4u => Aura] [Susurro: o bueno]estoy en el lobby
[SUSURRO: No_4u => Aura] [Susurro: estoy en el lobby]no me deja undirle a nada
[SUSURRO: No_4u => Aura] [Susurro: no me deja undirle a nada]si ya abrio babe
[SUSURRO: No_4u => Aura] [Susurro: si ya abrio babe]venteeeee
[SUSURRO: No_4u => Aura] [Susurro: venteeeee]tenes que esperar un rato
[SUSURRO: No_4u => Aura] [Susurro: tenes que esperar un rato]estoy a dentro
[SUSURRO: No_4u => Aura] [Susurro: estoy a dentro]sisi
[SUSURRO: No_4u => Aura] [Susurro: sisi]esta bien amor :c chill
[SUSURRO: No_4u => Aura] [Susurro: esta bien amor :c chill]oki, te sigo
[SUSURRO: No_4u => Aura] [Susurro: oki, te sigo]estoy creando otra acc
[SUSURRO: No_4u => Aura] [Susurro: estoy creando otra acc]dame un buen nombre
[SUSURRO: No_4u => Aura] [Susurro: dame un buen nombre]otro
[SUSURRO: No_4u => Aura] [Susurro: otro]another
[SUSURRO: No_4u => Aura] [Susurro: another]que te parece
[SUSURRO: No_4u => Aura] [Susurro: que te parece]Default
[SUSURRO: No_4u => Aura] [Susurro: Default]ese esta bueno?
[SUSURRO: No_4u => Aura] [Susurro: ese esta bueno?]umm
[SUSURRO: No_4u => Aura] [Susurro: umm]Saej
[SUSURRO: No_4u => Aura] [Susurro: Saej]XD
[SUSURRO: No_4u => Aura] [Susurro: XD]Aoma
[SUSURRO: No_4u => Aura] [Susurro: Aoma]XD
[SUSURRO: No_4u => Aura] [Susurro: XD]Aloe
[SUSURRO: No_4u => Aura] [Susurro: Aloe]bfkdjfd
[SUSURRO: No_4u => Aura] [Susurro: bfkdjfd]Monyat
[SUSURRO: No_4u => Aura] [Susurro: Monyat]ASI ME LLAMAN LOS DE MI CLAN KDJSD
[SUSURRO: No_4u => Aura] [Susurro: ASI ME LLAMAN LOS DE MI CLAN KDJSD]y Monyat?
[SUSURRO: No_4u => Aura] [Susurro: y Monyat?]:/
[SUSURRO: No_4u => Aura] [Susurro: :/]no es eso
[SUSURRO: No_4u => Aura] [Susurro: no es eso]esque necesito un name bueno
[SUSURRO: No_4u => Aura] [Susurro: esque necesito un name bueno]i want be mod
[SUSURRO: No_4u => Aura] [Susurro: i want be mod]lmao
[SUSURRO: No_4u => Aura] [Susurro: lmao]Ho5ek
[SUSURRO: No_4u => Aura] [Susurro: Ho5ek]wtf
[SUSURRO: No_4u => Aura] [Susurro: wtf]xd
[SUSURRO: No_4u => Aura] [Susurro: xd]mod y youtuber
[SUSURRO: No_4u => Aura] [Susurro: mod y youtuber]H0seuk
[SUSURRO: No_4u => Aura] [Susurro: H0seuk]parece nombre de los bts XD
[SUSURRO: No_4u => Aura] [Susurro: parece nombre de los bts XD]jose
[SUSURRO: No_4u => Aura] [Susurro: jose]dkbbskdvj
[SUSURRO: No_4u => Aura] [Susurro: dkbbskdvj]Joseuk
[SUSURRO: No_4u => Aura] [Susurro: Joseuk]o algo asi
[SUSURRO: No_4u => Aura] [Susurro: o algo asi]auramod
[SUSURRO: No_4u => Aura] [Susurro: auramod]omg
[SUSURRO: No_4u => Aura] [Susurro: omg]Tancevat?
[SUSURRO: No_4u => Aura] [Susurro: Tancevat?]que
[SUSURRO: No_4u => Aura] [Susurro: que]XD
[SUSURRO: No_4u => Aura] [Susurro: XD]Care
[SUSURRO: No_4u => Aura] [Susurro: Care]verga
[SUSURRO: No_4u => Aura] [Susurro: verga]jgfokdkld
[SUSURRO: No_4u => Aura] [Susurro: jgfokdkld]Care
[SUSURRO: No_4u => Aura] [Susurro: Care]hmmm
[SUSURRO: No_4u => Aura] [Susurro: hmmm]NOSECOMOPONERME:(
[SUSURRO: No_4u => Aura] [Susurro: NOSECOMOPONERME:(]VOY A PONERME
[SUSURRO: No_4u => Aura] [Susurro: VOY A PONERME]MMMMMMMMMMM
[SUSURRO: No_4u => Aura] [Susurro: MMMMMMMMMMM]asi
[SUSURRO: No_4u => Aura] [Susurro: asi]que haces?
[SUSURRO: No_4u => Aura] [Susurro: que haces?]a que entro
[SUSURRO: No_4u => Aura] [Susurro: a que entro]NO ENTRA :SOB:
[SUSURRO: No_4u => Aura] [Susurro: NO ENTRA :SOB:]GO
[SUSURRO: No_4u => Aura] [Susurro: GO]tengo nombre, amor kjdsdf
[SUSURRO: No_4u => Aura] [Susurro: tengo nombre, amor kjdsdf]Aneurysm
[SUSURRO: No_4u => Aura] [Susurro: Aneurysm]kfdjgkdfl
[SUSURRO: No_4u => Aura] [Susurro: kfdjgkdfl]esta bueno? ;-;
[SUSURRO: No_4u => Aura] [Susurro: esta bueno? ;-;]