gei
[SUSURRO: Nyx => Ale] [Susurro: gei]está el bug de los cañones rápidos?
[SUSURRO: Nyx => Gio] [Susurro: está el bug de los cañones rápidos?]cómo
[SUSURRO: Nyx => Gio] [Susurro: cómo]se hace
[SUSURRO: Nyx => Gio] [Susurro: se hace]dime
[SUSURRO: Nyx => Gio] [Susurro: dime]ya
[SUSURRO: Nyx => Gio] [Susurro: ya]ahh
[SUSURRO: Nyx => Gio] [Susurro: ahh]Sí
[SUSURRO: Nyx => Readme] [Susurro: Sí]Mm, tú eres?
[SUSURRO: Nyx => Readme] [Susurro: Mm, tú eres?]a
[SUSURRO: Nyx => Readme] [Susurro: a]Brayan
[SUSURRO: Nyx => Readme] [Susurro: Brayan]xdddd
[SUSURRO: Nyx => Readme] [Susurro: xdddd]oki
[SUSURRO: Nyx => Readme] [Susurro: oki]ptm
[SUSURRO: Nyx => Readme] [Susurro: ptm]me quería poner Osobravo
[SUSURRO: Nyx => Readme] [Susurro: me quería poner Osobravo]y no me dejo
[SUSURRO: Nyx => Readme] [Susurro: y no me dejo]Me dice que ya me cree una cuenta
[SUSURRO: Nyx => Readme] [Susurro: Me dice que ya me cree una cuenta]y que debo esperar xd
[SUSURRO: Nyx => Readme] [Susurro: y que debo esperar xd]o algo así
[SUSURRO: Nyx => Readme] [Susurro: o algo así]Ahhh xdd
[SUSURRO: Nyx => Readme] [Susurro: Ahhh xdd]Bueno
[SUSURRO: Nyx => Readme] [Susurro: Bueno]Igual creo que mejor me quedo con Nyx
[SUSURRO: Nyx => Readme] [Susurro: Igual creo que mejor me quedo con Nyx]Osobravo me lo puse a los 8 años
[SUSURRO: Nyx => Readme] [Susurro: Osobravo me lo puse a los 8 años]xDD
[SUSURRO: Nyx => Readme] [Susurro: xDD]okii
[SUSURRO: Nyx => Readme] [Susurro: okii]qué rango m diste?
[SUSURRO: Nyx => Readme] [Susurro: qué rango m diste?]programmer?
[SUSURRO: Nyx => Readme] [Susurro: programmer?]omg, me siento como anonymous
[SUSURRO: Nyx => Readme] [Susurro: omg, me siento como anonymous]xddd
[SUSURRO: Nyx => Readme] [Susurro: xddd]sí
[SUSURRO: Nyx => Readme] [Susurro: sí]por ahora pasare
[SUSURRO: Nyx => Readme] [Susurro: por ahora pasare]desapercibido
[SUSURRO: Nyx => Readme] [Susurro: desapercibido]xd
[SUSURRO: Nyx => Readme] [Susurro: xd]Creo k sí, no sé, igual depende de que lvl de clash seas
[SUSURRO: Nyx => Readme] [Susurro: Creo k sí, no sé, igual depende de que lvl de clash seas]Preguntale a Rafa
[SUSURRO: Nyx => Readme] [Susurro: Preguntale a Rafa]Pues, en cuarentena xd
[SUSURRO: Nyx => Kru] [Susurro: Pues, en cuarentena xd]Y tú?
[SUSURRO: Nyx => Kru] [Susurro: Y tú?]Jajajaja
[SUSURRO: Nyx => Kru] [Susurro: Jajajaja]A mi me parece bien
[SUSURRO: Nyx => Kru] [Susurro: A mi me parece bien]No le veo nada de malo xd
[SUSURRO: Nyx => Kru] [Susurro: No le veo nada de malo xd]Yo igual este año termino el instituto
[SUSURRO: Nyx => Kru] [Susurro: Yo igual este año termino el instituto]Pues, siguen siendo las mismas personas que estaban en Centralmice xd
[SUSURRO: Nyx => Kru] [Susurro: Pues, siguen siendo las mismas personas que estaban en Centralmice xd]¿Y qué has hecho este tiempo uwu?
[SUSURRO: Nyx => Kru] [Susurro: ¿Y qué has hecho este tiempo uwu?]Wait, cómo aparecias en Discord?
[SUSURRO: Nyx => Kru] [Susurro: Wait, cómo aparecias en Discord?]Ah ptm, no te tengo add, te iba a escribir por ahí
[SUSURRO: Nyx => Kru] [Susurro: Ah ptm, no te tengo add, te iba a escribir por ahí]Listop
[SUSURRO: Nyx => Kru] [Susurro: Listop]xdddd
[SUSURRO: Nyx => Readme] [Susurro: xdddd]9
[SUSURRO: Nyx => Wexford] [Susurro: 9]shi
[SUSURRO: Nyx => Wexford] [Susurro: shi]xDDD Pues está bien, pero en algunas partes te confundes un poco
[SUSURRO: Nyx => Readme] [Susurro: xDDD Pues está bien, pero en algunas partes te confundes un poco]Si vas a hablar de vosotros, tienes que escribir toda la oración así, para k no suene raro
[SUSURRO: Nyx => Readme] [Susurro: Si vas a hablar de vosotros, tienes que escribir toda la oración así, para k no suene raro]Como sabeís, hemos estado solucionando algunos problemas, por lo que os pedimos paciencia blablabla
[SUSURRO: Nyx => Readme] [Susurro: Como sabeís, hemos estado solucionando algunos problemas, por lo que os pedimos paciencia blablabla]http://prntscr.com/ryqy4m
[SUSURRO: Nyx => Readme] [Susurro: http://prntscr.com/ryqy4m]Por ejemplo, ahí cometes algunos errores de redundancia
[SUSURRO: Nyx => Readme] [Susurro: Por ejemplo, ahí cometes algunos errores de redundancia]O podrías escribir normal de tú, no creo que nadie se de cuenta xd
[SUSURRO: Nyx => Readme] [Susurro: O podrías escribir normal de tú, no creo que nadie se de cuenta xd]xddd
[SUSURRO: Nyx => Readme] [Susurro: xddd]Un festival
[SUSURRO: Nyx => Readme] [Susurro: Un festival]Depende
[SUSURRO: Nyx => Readme] [Susurro: Depende]Casi siempre en Boom, pero puede cambiar cada año
[SUSURRO: Nyx => Readme] [Susurro: Casi siempre en Boom, pero puede cambiar cada año]Es un festival de música electronica
[SUSURRO: Nyx => Readme] [Susurro: Es un festival de música electronica]ahhh
[SUSURRO: Nyx => Douther] [Susurro: ahhh]Es que
[SUSURRO: Nyx => Douther] [Susurro: Es que]Bryan ya me había dicho, gei
[SUSURRO: Nyx => Douther] [Susurro: Bryan ya me había dicho, gei]Solo que se me había olvidado
[SUSURRO: Nyx => Douther] [Susurro: Solo que se me había olvidado]ptm askdalsd
[SUSURRO: Nyx => Douther] [Susurro: ptm askdalsd]Programador
[SUSURRO: Nyx => Lesslie] [Susurro: Programador]Algo
[SUSURRO: Nyx => Lesslie] [Susurro: Algo]aslkdas, yo no puedo hacer eso bb
[SUSURRO: Nyx => Lesslie] [Susurro: aslkdas, yo no puedo hacer eso bb]Dile a Douther, o a Readme
[SUSURRO: Nyx => Lesslie] [Susurro: Dile a Douther, o a Readme]Pues, hablaes xd
[SUSURRO: Nyx => Lesslie] [Susurro: Pues, hablaes xd]Haz amigos
[SUSURRO: Nyx => Lesslie] [Susurro: Haz amigos]Hablales*
[SUSURRO: Nyx => Lesslie] [Susurro: Hablales*]xD
[SUSURRO: Nyx => Lesslie] [Susurro: xD]qué
[SUSURRO: Nyx => Lesslie] [Susurro: qué]qué te pasa Fernanda
[SUSURRO: Nyx => Lesslie] [Susurro: qué te pasa Fernanda]>:(
[SUSURRO: Nyx => Lesslie] [Susurro: >:(]Me llamo Juan ok
[SUSURRO: Nyx => Lesslie] [Susurro: Me llamo Juan ok]askdaskd
[SUSURRO: Nyx => Lesslie] [Susurro: askdaskd]teperd0no
[SUSURRO: Nyx => Lesslie] [Susurro: teperd0no]tú tenías mc?
[SUSURRO: Nyx => Shadow] [Susurro: tú tenías mc?]ia
[SUSURRO: Nyx => Shadow] [Susurro: ia]Y si me das quitas y das el rank xd?
[SUSURRO: Nyx => Readme] [Susurro: Y si me das quitas y das el rank xd?]me quitas*
[SUSURRO: Nyx => Readme] [Susurro: me quitas*]Entonces xd?
[SUSURRO: Nyx => Readme] [Susurro: Entonces xd?]ah
[SUSURRO: Nyx => Readme] [Susurro: ah]ptm
[SUSURRO: Nyx => Readme] [Susurro: ptm]Illaoi en early
[SUSURRO: Nyx => Readme] [Susurro: Illaoi en early]Pero Kayle puede remontar en late
[SUSURRO: Nyx => Readme] [Susurro: Pero Kayle puede remontar en late]askdlasd
[SUSURRO: Nyx => Readme] [Susurro: askdlasd]Entonces no voy a poder volver a volar?
[SUSURRO: Nyx => Readme] [Susurro: Entonces no voy a poder volver a volar?]i
[SUSURRO: Nyx => Readme] [Susurro: i]ia
[SUSURRO: Nyx => Readme] [Susurro: ia]qué cosa xd
[SUSURRO: Nyx => Douther] [Susurro: qué cosa xd]No se ve el lua
[SUSURRO: Nyx => Douther] [Susurro: No se ve el lua]ahhhh
[SUSURRO: Nyx => Douther] [Susurro: ahhhh]Todos los log xD?
[SUSURRO: Nyx => Douther] [Susurro: Todos los log xD?]wtf, creo que de nuevo no puedo
[SUSURRO: Nyx => Douther] [Susurro: wtf, creo que de nuevo no puedo]Voy al Discord uwu
[SUSURRO: Nyx => Douther] [Susurro: Voy al Discord uwu]