uy
[SUSURRO: Rafaxyz => Keko] [Susurro: uy]que rico
[SUSURRO: Rafaxyz => Keko] [Susurro: que rico]y su cuenta principal?
[SUSURRO: Rafaxyz => Keko] [Susurro: y su cuenta principal?]sh
[SUSURRO: Rafaxyz => Readme] [Susurro: sh]oe
[SUSURRO: Rafaxyz => Readme] [Susurro: oe]por qué los mapas
[SUSURRO: Rafaxyz => Readme] [Susurro: por qué los mapas]tienen recs?
[SUSURRO: Rafaxyz => Readme] [Susurro: tienen recs?]osea los antiguos xd
[SUSURRO: Rafaxyz => Readme] [Susurro: osea los antiguos xd]No es como que me queje
[SUSURRO: Rafaxyz => Readme] [Susurro: No es como que me queje]porque son faciles
[SUSURRO: Rafaxyz => Readme] [Susurro: porque son faciles]pero ahí dejo el dato asdkja
[SUSURRO: Rafaxyz => Readme] [Susurro: pero ahí dejo el dato asdkja]jona gay
[SUSURRO: Rafaxyz => Hack] [Susurro: jona gay]el wj de este mice
[SUSURRO: Rafaxyz => Hack] [Susurro: el wj de este mice]volví de mf
[SUSURRO: Rafaxyz => Hack] [Susurro: volví de mf]xd
[SUSURRO: Rafaxyz => Hack] [Susurro: xd]No me acostumbro
[SUSURRO: Rafaxyz => Hack] [Susurro: No me acostumbro]kkk
[SUSURRO: Rafaxyz => Hack] [Susurro: kkk]yo ya tenía 300 recs
[SUSURRO: Rafaxyz => Hack] [Susurro: yo ya tenía 300 recs]hasta que el streaxx ese
[SUSURRO: Rafaxyz => Hack] [Susurro: hasta que el streaxx ese]me baneó
[SUSURRO: Rafaxyz => Hack] [Susurro: me baneó]por dizq fly
[SUSURRO: Rafaxyz => Hack] [Susurro: por dizq fly]estos mapas
[SUSURRO: Rafaxyz => Hack] [Susurro: estos mapas]mal copiados
[SUSURRO: Rafaxyz => Hack] [Susurro: mal copiados]de tfm
[SUSURRO: Rafaxyz => Hack] [Susurro: de tfm]nah
[SUSURRO: Rafaxyz => Hack] [Susurro: nah]es más pequeño
[SUSURRO: Rafaxyz => Hack] [Susurro: es más pequeño]que el de tfm
[SUSURRO: Rafaxyz => Hack] [Susurro: que el de tfm]pero
[SUSURRO: Rafaxyz => Hack] [Susurro: pero]igual sirve
[SUSURRO: Rafaxyz => Hack] [Susurro: igual sirve]xdddddd
[SUSURRO: Rafaxyz => Hack] [Susurro: xdddddd]cuando el mice ya no
[SUSURRO: Rafaxyz => Hack] [Susurro: cuando el mice ya no]sea
[SUSURRO: Rafaxyz => Hack] [Susurro: sea]beta
[SUSURRO: Rafaxyz => Hack] [Susurro: beta]traigo
[SUSURRO: Rafaxyz => Hack] [Susurro: traigo]full maps
[SUSURRO: Rafaxyz => Hack] [Susurro: full maps]tfm
[SUSURRO: Rafaxyz => Hack] [Susurro: tfm]ni idea xd
[SUSURRO: Rafaxyz => Hack] [Susurro: ni idea xd]el wj
[SUSURRO: Rafaxyz => Hack] [Susurro: el wj]en madera
[SUSURRO: Rafaxyz => Hack] [Susurro: en madera]es diferente
[SUSURRO: Rafaxyz => Hack] [Susurro: es diferente]3:
[SUSURRO: Rafaxyz => Hack] [Susurro: 3:]no vuelvo a jugar mf asdkjsakd
[SUSURRO: Rafaxyz => Hack] [Susurro: no vuelvo a jugar mf asdkjsakd]Aunque son records facilitos
[SUSURRO: Rafaxyz => Hack] [Susurro: Aunque son records facilitos]ah
[SUSURRO: Rafaxyz => Hack] [Susurro: ah]pensé que era por la parte del hielo
[SUSURRO: Rafaxyz => Hack] [Susurro: pensé que era por la parte del hielo]dizq 25s
[SUSURRO: Rafaxyz => Hack] [Susurro: dizq 25s]tenía 22.4
[SUSURRO: Rafaxyz => Hack] [Susurro: tenía 22.4]sadlksdal
[SUSURRO: Rafaxyz => Hack] [Susurro: sadlksdal]antes del ban
[SUSURRO: Rafaxyz => Hack] [Susurro: antes del ban]será que meto 5000 mapas de race de tfm?
[SUSURRO: Rafaxyz => Hack] [Susurro: será que meto 5000 mapas de race de tfm?]xddddd
[SUSURRO: Rafaxyz => Hack] [Susurro: xddddd]boe
[SUSURRO: Rafaxyz => Hack] [Susurro: boe]a ver si los validan
[SUSURRO: Rafaxyz => Hack] [Susurro: a ver si los validan]pq Ale me mandó alm
[SUSURRO: Rafaxyz => Hack] [Susurro: pq Ale me mandó alm]oe
[SUSURRO: Rafaxyz => Readme] [Susurro: oe]si coloco 5000 mapas
[SUSURRO: Rafaxyz => Readme] [Susurro: si coloco 5000 mapas]de race
[SUSURRO: Rafaxyz => Readme] [Susurro: de race]me los validan?
[SUSURRO: Rafaxyz => Readme] [Susurro: me los validan?]xd
[SUSURRO: Rafaxyz => Readme] [Susurro: xd]Oye
[SUSURRO: Rafaxyz => Lesslie] [Susurro: Oye]Si coloco 5000 mapas de racing
[SUSURRO: Rafaxyz => Lesslie] [Susurro: Si coloco 5000 mapas de racing]me los validan?
[SUSURRO: Rafaxyz => Lesslie] [Susurro: me los validan?]Si o no?
[SUSURRO: Rafaxyz => Lesslie] [Susurro: Si o no?]xd
[SUSURRO: Rafaxyz => Lesslie] [Susurro: xd]son los de tfm
[SUSURRO: Rafaxyz => Lesslie] [Susurro: son los de tfm]uy
[SUSURRO: Rafaxyz => Lesslie] [Susurro: uy]ops
[SUSURRO: Rafaxyz => Lesslie] [Susurro: ops]oe jona
[SUSURRO: Rafaxyz => Hack] [Susurro: oe jona]inv tribe amor
[SUSURRO: Rafaxyz => Hack] [Susurro: inv tribe amor]vie br
[SUSURRO: Rafaxyz => Hack] [Susurro: vie br]me voy
[SUSURRO: Rafaxyz => Hack] [Susurro: me voy]a caminar
[SUSURRO: Rafaxyz => Hack] [Susurro: a caminar]por ahí xd
[SUSURRO: Rafaxyz => Hack] [Susurro: por ahí xd]más luego que se vayan todos coloco los maps
[SUSURRO: Rafaxyz => Hack] [Susurro: más luego que se vayan todos coloco los maps]ahorita da paja
[SUSURRO: Rafaxyz => Hack] [Susurro: ahorita da paja]bye hermano
[SUSURRO: Rafaxyz => Hack] [Susurro: bye hermano]ta mare
[SUSURRO: Rafaxyz => Hack] [Susurro: ta mare]Se me fue la luz de la casa
[SUSURRO: Rafaxyz => Hack] [Susurro: Se me fue la luz de la casa]SAKDJKDA
[SUSURRO: Rafaxyz => Hack] [Susurro: SAKDJKDA]Aprovecharé para colocar los maps
[SUSURRO: Rafaxyz => Hack] [Susurro: Aprovecharé para colocar los maps]