Quién eres?
[SUSURRO: Razerbackw => Readme] [Susurro: Quién eres?]eres found?
[SUSURRO: Razerbackw => Hope] [Susurro: eres found?]??
[SUSURRO: Razerbackw => Hope] [Susurro: ??]respondes oq
[SUSURRO: Razerbackw => Hope] [Susurro: respondes oq]que eres aca? xd
[SUSURRO: Razerbackw => Hope] [Susurro: que eres aca? xd]q chistoso
[SUSURRO: Razerbackw => Hope] [Susurro: q chistoso]Oks
[SUSURRO: Razerbackw => Hope] [Susurro: Oks]jugabas mtf?
[SUSURRO: Razerbackw => Hope] [Susurro: jugabas mtf?]? xd
[SUSURRO: Razerbackw => Hope] [Susurro: ? xd]pero tu ? xd
[SUSURRO: Razerbackw => Hope] [Susurro: pero tu ? xd]qn eras ahi xd
[SUSURRO: Razerbackw => Hope] [Susurro: qn eras ahi xd]ah oks xd
[SUSURRO: Razerbackw => Hope] [Susurro: ah oks xd]na no te dire xd
[SUSURRO: Razerbackw => Hope] [Susurro: na no te dire xd]dile a omar
[SUSURRO: Razerbackw => Hope] [Susurro: dile a omar]q deje de comer palomas
[SUSURRO: Razerbackw => Hope] [Susurro: q deje de comer palomas]by nacho
[SUSURRO: Razerbackw => Hope] [Susurro: by nacho]sip
[SUSURRO: Razerbackw => Hope] [Susurro: sip]eso decile
[SUSURRO: Razerbackw => Hope] [Susurro: eso decile]pq que xd
[SUSURRO: Razerbackw => Hope] [Susurro: pq que xd]les gusta las palomas ese
[SUSURRO: Razerbackw => Hope] [Susurro: les gusta las palomas ese]se
[SUSURRO: Razerbackw => Hope] [Susurro: se]