ola amor
[SUSURRO: Shadow => Kesi] [Susurro: ola amor]el amor de tu vida
[SUSURRO: Shadow => Kesi] [Susurro: el amor de tu vida]soy el bbcito que necesitas
[SUSURRO: Shadow => Kesi] [Susurro: soy el bbcito que necesitas]deja a tu novio el patán
[SUSURRO: Shadow => Kesi] [Susurro: deja a tu novio el patán]perra ctm soy kevin
[SUSURRO: Shadow => Kesi] [Susurro: perra ctm soy kevin]a FLASDKFLASDFD
[SUSURRO: Shadow => Kesi] [Susurro: a FLASDKFLASDFD]adm nb
[SUSURRO: Shadow => Lesslie] [Susurro: adm nb]nb nb nb nb
[SUSURRO: Shadow => Lesslie] [Susurro: nb nb nb nb]ia
[SUSURRO: Shadow => Kesi] [Susurro: ia]para k o k
[SUSURRO: Shadow => Kesi] [Susurro: para k o k]ele tuyo dice lusho zorra infiel
[SUSURRO: Shadow => Kesi] [Susurro: ele tuyo dice lusho zorra infiel]el que puse está mejor
[SUSURRO: Shadow => Kesi] [Susurro: el que puse está mejor]jejeje
[SUSURRO: Shadow => Kesi] [Susurro: jejeje]como veo el staff
[SUSURRO: Shadow => Lesslie] [Susurro: como veo el staff]y k staff hay
[SUSURRO: Shadow => Lesslie] [Susurro: y k staff hay]cual es el otro
[SUSURRO: Shadow => Lesslie] [Susurro: cual es el otro]ale k es aki
[SUSURRO: Shadow => Lesslie] [Susurro: ale k es aki]kiero ser admin
[SUSURRO: Shadow => Lesslie] [Susurro: kiero ser admin]JAJAJAJAJAAJJA
[SUSURRO: Shadow => Lesslie] [Susurro: JAJAJAJAJAAJJA]es k tenemos un grupo con olds de ratas
[SUSURRO: Shadow => Lesslie] [Susurro: es k tenemos un grupo con olds de ratas]y ahi le dijimo k entre
[SUSURRO: Shadow => Lesslie] [Susurro: y ahi le dijimo k entre]t ksas conmigo
[SUSURRO: Shadow => Lesslie] [Susurro: t ksas conmigo]sera pq nadie tiene tu wsp ctm
[SUSURRO: Shadow => Lesslie] [Susurro: sera pq nadie tiene tu wsp ctm]nos bloqueaste a to2
[SUSURRO: Shadow => Lesslie] [Susurro: nos bloqueaste a to2]dame tu numero
[SUSURRO: Shadow => Lesslie] [Susurro: dame tu numero]asi es como se consigue wsp en la antigua grecia
[SUSURRO: Shadow => Lesslie] [Susurro: asi es como se consigue wsp en la antigua grecia]ok te tenia add cierto XD
[SUSURRO: Shadow => Lesslie] [Susurro: ok te tenia add cierto XD]dame mc y valido
[SUSURRO: Shadow => Lesslie] [Susurro: dame mc y valido]xupalo
[SUSURRO: Shadow => Lesslie] [Susurro: xupalo]mira wsp
[SUSURRO: Shadow => Miiliita] [Susurro: mira wsp]go sala map
[SUSURRO: Shadow => Wolkout] [Susurro: go sala map]no quiero mod
[SUSURRO: Shadow => Lesslie] [Susurro: no quiero mod]ok t odio
[SUSURRO: Shadow => Lesslie] [Susurro: ok t odio]solo keria k te casaras conmigo
[SUSURRO: Shadow => Lesslie] [Susurro: solo keria k te casaras conmigo]ade+ no soi malo kaiate
[SUSURRO: Shadow => Lesslie] [Susurro: ade+ no soi malo kaiate]weno xupalo okei
[SUSURRO: Shadow => Lesslie] [Susurro: weno xupalo okei]see
[SUSURRO: Shadow => Lesslie] [Susurro: see]pq siempre k me das rango dices confio en ti
[SUSURRO: Shadow => Lesslie] [Susurro: pq siempre k me das rango dices confio en ti]dsps andai diciendo to lo hombre somo iwale
[SUSURRO: Shadow => Lesslie] [Susurro: dsps andai diciendo to lo hombre somo iwale]bai
[SUSURRO: Shadow => Lesslie] [Susurro: bai]ay mekiboke eso no era pa ti XD
[SUSURRO: Shadow => Lesslie] [Susurro: ay mekiboke eso no era pa ti XD]no
[SUSURRO: Shadow => Lesslie] [Susurro: no]pq nunca me diste otra oportunidad
[SUSURRO: Shadow => Lesslie] [Susurro: pq nunca me diste otra oportunidad]io solo keria otra oportunidad pa kererte de veritas y demostrate k no soi komo antes
[SUSURRO: Shadow => Lesslie] [Susurro: io solo keria otra oportunidad pa kererte de veritas y demostrate k no soi komo antes]pa mi aun tengo mucho k darte pero ok
[SUSURRO: Shadow => Lesslie] [Susurro: pa mi aun tengo mucho k darte pero ok]eso es pq tu no kieres
[SUSURRO: Shadow => Lesslie] [Susurro: eso es pq tu no kieres]no siempre cuando se kiere se puede
[SUSURRO: Shadow => Lesslie] [Susurro: no siempre cuando se kiere se puede]yo tampoco ya no kiero nada contigo
[SUSURRO: Shadow => Lesslie] [Susurro: yo tampoco ya no kiero nada contigo]al menos te superé kjfdsf
[SUSURRO: Shadow => Lesslie] [Susurro: al menos te superé kjfdsf]tenia curiosidad nada mas
[SUSURRO: Shadow => Lesslie] [Susurro: tenia curiosidad nada mas]yo me referi en eso a plan amistad pero weno
[SUSURRO: Shadow => Lesslie] [Susurro: yo me referi en eso a plan amistad pero weno]borra las lineas que hiciste
[SUSURRO: Shadow => Lesslie] [Susurro: borra las lineas que hiciste].
[SUSURRO: Shadow => Lesslie] [Susurro: .]creo que es con p
[SUSURRO: Shadow => Lesslie] [Susurro: creo que es con p]si
[SUSURRO: Shadow => Lesslie] [Susurro: si]kienes
[SUSURRO: Shadow => Lesslie] [Susurro: kienes]perate komo k andas con lusho
[SUSURRO: Shadow => Kesi] [Susurro: perate komo k andas con lusho]sigues con el wn de tu novio o k
[SUSURRO: Shadow => Kesi] [Susurro: sigues con el wn de tu novio o k]a
[SUSURRO: Shadow => Lesslie] [Susurro: a]weno ksi
[SUSURRO: Shadow => Lesslie] [Susurro: weno ksi]na k pelotuda
[SUSURRO: Shadow => Kesi] [Susurro: na k pelotuda]yo krei k ia ibas a ser mi nobia
[SUSURRO: Shadow => Kesi] [Susurro: yo krei k ia ibas a ser mi nobia]ni para pack me sirves lloro
[SUSURRO: Shadow => Kesi] [Susurro: ni para pack me sirves lloro]ahre
[SUSURRO: Shadow => Kesi] [Susurro: ahre]cállate nunca mas te vuelvo a retar
[SUSURRO: Shadow => Kesi] [Susurro: cállate nunca mas te vuelvo a retar]hace lo que quieras pelotuda
[SUSURRO: Shadow => Kesi] [Susurro: hace lo que quieras pelotuda]menoje otra bes
[SUSURRO: Shadow => Kesi] [Susurro: menoje otra bes]necima ni siquiera me dijo gracias
[SUSURRO: Shadow => Kesi] [Susurro: necima ni siquiera me dijo gracias]esperaba un pack por lo k hice
[SUSURRO: Shadow => Kesi] [Susurro: esperaba un pack por lo k hice]pero ni las gracias
[SUSURRO: Shadow => Kesi] [Susurro: pero ni las gracias]no callate
[SUSURRO: Shadow => Kesi] [Susurro: no callate]me enoje
[SUSURRO: Shadow => Kesi] [Susurro: me enoje]ESO NO ES GRACIAS
[SUSURRO: Shadow => Kesi] [Susurro: ESO NO ES GRACIAS]xupala
[SUSURRO: Shadow => Kesi] [Susurro: xupala]pero si los limones
[SUSURRO: Shadow => Kesi] [Susurro: pero si los limones]xupala
[SUSURRO: Shadow => Kesi] [Susurro: xupala]mal agradecida
[SUSURRO: Shadow => Kesi] [Susurro: mal agradecida]qué
[SUSURRO: Shadow => Kesi] [Susurro: qué]no me digas k lusho
[SUSURRO: Shadow => Kesi] [Susurro: no me digas k lusho]kienes
[SUSURRO: Shadow => Kesi] [Susurro: kienes]ok no me negaste k lusho
[SUSURRO: Shadow => Kesi] [Susurro: ok no me negaste k lusho]asi k si
[SUSURRO: Shadow => Kesi] [Susurro: asi k si]lusho tiene
[SUSURRO: Shadow => Kesi] [Susurro: lusho tiene]ok chupala
[SUSURRO: Shadow => Kesi] [Susurro: ok chupala]mas te vale
[SUSURRO: Shadow => Kesi] [Susurro: mas te vale]weno debemos ser 3
[SUSURRO: Shadow => Kesi] [Susurro: weno debemos ser 3]pq dicen k a la 3ra va la vencida
[SUSURRO: Shadow => Kesi] [Susurro: pq dicen k a la 3ra va la vencida]no se si le mandaas a el siento k me traicionarian ambos
[SUSURRO: Shadow => Kesi] [Susurro: no se si le mandaas a el siento k me traicionarian ambos]al menos is le mandas antes a el k ami ok
[SUSURRO: Shadow => Kesi] [Susurro: al menos is le mandas antes a el k ami ok]mestoy preparando pa cuando volvamos
[SUSURRO: Shadow => Kesi] [Susurro: mestoy preparando pa cuando volvamos]si supiera komo hacer pa k me des la papaya no te toxiqueara tanto
[SUSURRO: Shadow => Kesi] [Susurro: si supiera komo hacer pa k me des la papaya no te toxiqueara tanto]y kien dice k se tiene k enterar
[SUSURRO: Shadow => Kesi] [Susurro: y kien dice k se tiene k enterar]ahre
[SUSURRO: Shadow => Kesi] [Susurro: ahre]LFJSKDLAFDF
[SUSURRO: Shadow => Kesi] [Susurro: LFJSKDLAFDF]pero apuesto k si te digo que te enesño mi pepino
[SUSURRO: Shadow => Kesi] [Susurro: pero apuesto k si te digo que te enesño mi pepino]me aceptas
[SUSURRO: Shadow => Kesi] [Susurro: me aceptas]ctm
[SUSURRO: Shadow => Kesi] [Susurro: ctm]eso no te lo kree ni dios
[SUSURRO: Shadow => Kesi] [Susurro: eso no te lo kree ni dios]ahre tkm
[SUSURRO: Shadow => Kesi] [Susurro: ahre tkm]FLDSKLSADFKALSDFDF
[SUSURRO: Shadow => Kesi] [Susurro: FLDSKLSADFKALSDFDF]JAJAJAJAA
[SUSURRO: Shadow => Kesi] [Susurro: JAJAJAJAA]si nadie se entera no estás siendo infiel *ojitos*
[SUSURRO: Shadow => Kesi] [Susurro: si nadie se entera no estás siendo infiel *ojitos*]si borras la evidencia k te va pesar
[SUSURRO: Shadow => Kesi] [Susurro: si borras la evidencia k te va pesar]me siento sucio intentando hacerte
[SUSURRO: Shadow => Kesi] [Susurro: me siento sucio intentando hacerte]x tu papaya cometo mil crimenes
[SUSURRO: Shadow => Kesi] [Susurro: x tu papaya cometo mil crimenes]te doi lo k kieras bb
[SUSURRO: Shadow => Kesi] [Susurro: te doi lo k kieras bb]aki intetando comprar
[SUSURRO: Shadow => Kesi] [Susurro: aki intetando comprar]> [es] [Kesi] no te la voy a dar&lt; [Kesi] te doi lo k kieras bb&lt; [Kesi] aki intetando comprar
[SUSURRO: Shadow => Kesi] [Susurro: > [es] [Kesi] no te la voy a dar&lt; [Kesi] te doi lo k kieras bb&lt; [Kesi] aki intetando comprar]yo fui tu novio
[SUSURRO: Shadow => Kesi] [Susurro: yo fui tu novio];))))))))))
[SUSURRO: Shadow => Kesi] [Susurro: ;))))))))))]:(
[SUSURRO: Shadow => Kesi] [Susurro: :(]ok me rindo
[SUSURRO: Shadow => Kesi] [Susurro: ok me rindo]iba decir apostemos pack pero con mi suerte pierdo
[SUSURRO: Shadow => Kesi] [Susurro: iba decir apostemos pack pero con mi suerte pierdo]FÑLDKSFLSDAF tu ganas
[SUSURRO: Shadow => Kesi] [Susurro: FÑLDKSFLSDAF tu ganas]no c
[SUSURRO: Shadow => Kesi] [Susurro: no c]FKLSDFSDF
[SUSURRO: Shadow => Kesi] [Susurro: FKLSDFSDF]ta aburrio esto
[SUSURRO: Shadow => Kesi] [Susurro: ta aburrio esto]oiga me da mi mapcriu
[SUSURRO: Shadow => Nyx] [Susurro: oiga me da mi mapcriu]si
[SUSURRO: Shadow => Nyx] [Susurro: si]me dio less
[SUSURRO: Shadow => Nyx] [Susurro: me dio less]grax tkm
[SUSURRO: Shadow => Nyx] [Susurro: grax tkm]