jadjsa q es eso
[SUSURRO: Soapz => Maurinoob] [Susurro: jadjsa q es eso]esa racing
[SUSURRO: Soapz => Maurinoob] [Susurro: esa racing]pide a fabri la source
[SUSURRO: Soapz => Maurinoob] [Susurro: pide a fabri la source]q tiene las xml de todo
[SUSURRO: Soapz => Maurinoob] [Susurro: q tiene las xml de todo]poneeeeee
[SUSURRO: Soapz => Maurinoob] [Susurro: poneeeeee]'-'
[SUSURRO: Soapz => Maurinoob] [Susurro: '-']'-'
[SUSURRO: Soapz => Maurinoob] [Susurro: '-']pasame
[SUSURRO: Soapz => Maurinoob] [Susurro: pasame]las xml
[SUSURRO: Soapz => Maurinoob] [Susurro: las xml]porfa
[SUSURRO: Soapz => Maurinoob] [Susurro: porfa]pasame
[SUSURRO: Soapz => Maurinoob] [Susurro: pasame]pq
[SUSURRO: Soapz => Maurinoob] [Susurro: pq]no voy poner todos
[SUSURRO: Soapz => Maurinoob] [Susurro: no voy poner todos]xD
[SUSURRO: Soapz => Maurinoob] [Susurro: xD]solo quiero ver los mapas
[SUSURRO: Soapz => Maurinoob] [Susurro: solo quiero ver los mapas]si son los antigos
[SUSURRO: Soapz => Maurinoob] [Susurro: si son los antigos]o oq
[SUSURRO: Soapz => Maurinoob] [Susurro: o oq]no voy validar niguno
[SUSURRO: Soapz => Maurinoob] [Susurro: no voy validar niguno]ninguno
[SUSURRO: Soapz => Maurinoob] [Susurro: ninguno]dame 40 quesos
[SUSURRO: Soapz => Omar] [Susurro: dame 40 quesos]necesito hacer mapa de racing
[SUSURRO: Soapz => Omar] [Susurro: necesito hacer mapa de racing]que
[SUSURRO: Soapz => Omar] [Susurro: que]en perfil si
[SUSURRO: Soapz => Omar] [Susurro: en perfil si]si me das 40 quesos en perfil no consigo exportar mapas aun
[SUSURRO: Soapz => Omar] [Susurro: si me das 40 quesos en perfil no consigo exportar mapas aun]es que
[SUSURRO: Soapz => Omar] [Susurro: es que]voy salir
[SUSURRO: Soapz => Omar] [Susurro: voy salir]go fdp
[SUSURRO: Soapz => Omar] [Susurro: go fdp]usa adobe
[SUSURRO: Soapz => Devil666] [Susurro: usa adobe]aq
[SUSURRO: Soapz => Xxxtentacion] [Susurro: aq]seg
[SUSURRO: Soapz => Xxxtentacion] [Susurro: seg]a
[SUSURRO: Soapz => Wolkout] [Susurro: a]add e seg
[SUSURRO: Soapz => Hack] [Susurro: add e seg]