soy dref agregame a la tribu
[SUSURRO: Xxxtentacion => Hack] [Susurro: soy dref agregame a la tribu]kkkkkkkkkkkkkkkkkkkkkkkkkk
[SUSURRO: Xxxtentacion => Hack] [Susurro: kkkkkkkkkkkkkkkkkkkkkkkkkk]XDXDDDDDDDDDDDDDDDDDDDD
[SUSURRO: Xxxtentacion => Hack] [Susurro: XDXDDDDDDDDDDDDDDDDDDDD]soy dref bro no digas xd
[SUSURRO: Xxxtentacion => Jesteriox] [Susurro: soy dref bro no digas xd]wena juani
[SUSURRO: Xxxtentacion => Kesi] [Susurro: wena juani]steven
[SUSURRO: Xxxtentacion => Kesi] [Susurro: steven]:)
[SUSURRO: Xxxtentacion => Kesi] [Susurro: :)]q tal bb
[SUSURRO: Xxxtentacion => Kesi] [Susurro: q tal bb]dimeloo
[SUSURRO: Xxxtentacion => Jesteriox] [Susurro: dimeloo]no habia visto asjs
[SUSURRO: Xxxtentacion => Kesi] [Susurro: no habia visto asjs]bienn
[SUSURRO: Xxxtentacion => Kesi] [Susurro: bienn]steven
[SUSURRO: Xxxtentacion => Jaws] [Susurro: steven]pero la gracia
[SUSURRO: Xxxtentacion => Jaws] [Susurro: pero la gracia]era no decir
[SUSURRO: Xxxtentacion => Jaws] [Susurro: era no decir]esa perra
[SUSURRO: Xxxtentacion => Jaws] [Susurro: esa perra]ya no uso pulo menorxd
[SUSURRO: Xxxtentacion => Jaws] [Susurro: ya no uso pulo menorxd]uso macross
[SUSURRO: Xxxtentacion => Jaws] [Susurro: uso macross]soapz
[SUSURRO: Xxxtentacion => Jaws] [Susurro: soapz]sssssxxxxxddddd
[SUSURRO: Xxxtentacion => Hack] [Susurro: sssssxxxxxddddd]el tiene world records en tfm
[SUSURRO: Xxxtentacion => Hack] [Susurro: el tiene world records en tfm]pero no sexd
[SUSURRO: Xxxtentacion => Hack] [Susurro: pero no sexd]se ve raro a veces
[SUSURRO: Xxxtentacion => Hack] [Susurro: se ve raro a veces]